This is pdfTeX, Version 3.14159265-2.6-1.40.21 (TeX Live 2020) (preloaded format=pdflatex 2021.1.11)  22 MAR 2021 14:35
entering extended mode
 restricted \write18 enabled.
 %&-line parsing enabled.
**appen/paw.tex
(./appen/paw.tex
LaTeX2e <2020-02-02> patch level 5
L3 programming layer <2020-04-06>
! Undefined control sequence.
l.1 \chapter
            {Projector Augmented Wave}\label{appen_paw}
? ^^X
Type <return> to proceed, S to scroll future error messages,
R to run without stopping, Q to run quietly,
I to insert something, E to edit your file,
1 or ... or 9 to ignore the next 1 to 9 tokens of input,
H for help, X to quit.
? X
 
Here is how much of TeX's memory you used:
 17 strings out of 482555
 384 string characters out of 5952145
 234651 words of memory out of 5000000
 15758 multiletter control sequences out of 15000+600000
 532338 words of font info for 24 fonts, out of 8000000 for 9000
 14 hyphenation exceptions out of 8191
 12i,0n,15p,96b,8s stack positions out of 5000i,500n,10000p,200000b,80000s
No pages of output.
PDF statistics:
 0 PDF objects out of 1000 (max. 8388607)
 0 named destinations out of 1000 (max. 500000)
 1 words of extra memory for PDF output out of 10000 (max. 10000000)

