This is pdfTeX, Version 3.14159265-2.6-1.40.21 (TeX Live 2020) (preloaded format=pdflatex 2021.1.11)  4 MAY 2021 11:24
entering extended mode
 restricted \write18 enabled.
 %&-line parsing enabled.
**thesis_rafi.tex
(./thesis_rafi.tex
LaTeX2e <2020-02-02> patch level 5
L3 programming layer <2020-04-06> (./MUthesis.cls
Document Class: MUthesis 2020/04/10 v1.10 University of Missouri thesis/dissert
ation class
(/usr/share/texlive/texmf-dist/tex/latex/base/textcomp.sty
Package: textcomp 2020/02/02 v2.0n Standard LaTeX package
LaTeX Font Info:    Changing ? sub-encoding to TS1/0 on input line 75.
)
(/usr/share/texlive/texmf-dist/tex/latex/base/report.cls
Document Class: report 2019/12/20 v1.4l Standard LaTeX document class
(/usr/share/texlive/texmf-dist/tex/latex/base/size12.clo
File: size12.clo 2019/12/20 v1.4l Standard LaTeX file (size option)
)
\c@part=\count167
\c@chapter=\count168
\c@section=\count169
\c@subsection=\count170
\c@subsubsection=\count171
\c@paragraph=\count172
\c@subparagraph=\count173
\c@figure=\count174
\c@table=\count175
\abovecaptionskip=\skip47
\belowcaptionskip=\skip48
\bibindent=\dimen134
)
(/usr/share/texlive/texmf-dist/tex/latex/setspace/setspace.sty
Package: setspace 2011/12/19 v6.7a set line spacing
)
\MUthesis@contentshangindent=\skip49
\tablenumberwidth=\skip50

(/usr/share/texlive/texmf-dist/tex/latex/caption/caption.sty
Package: caption 2020/01/03 v3.4h Customizing captions (AR)

(/usr/share/texlive/texmf-dist/tex/latex/caption/caption3.sty
Package: caption3 2020/01/03 v1.8h caption3 kernel (AR)
Package caption3 Info: TeX engine: e-TeX on input line 61.

(/usr/share/texlive/texmf-dist/tex/latex/graphics/keyval.sty
Package: keyval 2014/10/28 v1.15 key=value parser (DPC)
\KV@toks@=\toks15
)
\captionmargin=\dimen135
\captionmargin@=\dimen136
\captionwidth=\dimen137
\caption@tempdima=\dimen138
\caption@indent=\dimen139
\caption@parindent=\dimen140
\caption@hangindent=\dimen141
Package caption Info: Standard document class detected.
)
\c@caption@flags=\count176
\c@continuedfloat=\count177
)
\c@real@page=\count178
\nameskip=\skip51
\rule@thickness=\skip52
\other@margin=\skip53
\c@illustration=\count179
\c@scheme=\count180
)
(/usr/share/texlive/texmf-dist/tex/latex/amsmath/amsmath.sty
Package: amsmath 2020/01/20 v2.17e AMS math features
\@mathmargin=\skip54

For additional information on amsmath, use the `?' option.
(/usr/share/texlive/texmf-dist/tex/latex/amsmath/amstext.sty
Package: amstext 2000/06/29 v2.01 AMS text

(/usr/share/texlive/texmf-dist/tex/latex/amsmath/amsgen.sty
File: amsgen.sty 1999/11/30 v2.0 generic functions
\@emptytoks=\toks16
\ex@=\dimen142
))
(/usr/share/texlive/texmf-dist/tex/latex/amsmath/amsbsy.sty
Package: amsbsy 1999/11/29 v1.2d Bold Symbols
\pmbraise@=\dimen143
)
(/usr/share/texlive/texmf-dist/tex/latex/amsmath/amsopn.sty
Package: amsopn 2016/03/08 v2.02 operator names
)
\inf@bad=\count181
LaTeX Info: Redefining \frac on input line 227.
\uproot@=\count182
\leftroot@=\count183
LaTeX Info: Redefining \overline on input line 389.
\classnum@=\count184
\DOTSCASE@=\count185
LaTeX Info: Redefining \ldots on input line 486.
LaTeX Info: Redefining \dots on input line 489.
LaTeX Info: Redefining \cdots on input line 610.
\Mathstrutbox@=\box45
\strutbox@=\box46
\big@size=\dimen144
LaTeX Font Info:    Redeclaring font encoding OML on input line 733.
LaTeX Font Info:    Redeclaring font encoding OMS on input line 734.
\macc@depth=\count186
\c@MaxMatrixCols=\count187
\dotsspace@=\muskip16
\c@parentequation=\count188
\dspbrk@lvl=\count189
\tag@help=\toks17
\row@=\count190
\column@=\count191
\maxfields@=\count192
\andhelp@=\toks18
\eqnshift@=\dimen145
\alignsep@=\dimen146
\tagshift@=\dimen147
\tagwidth@=\dimen148
\totwidth@=\dimen149
\lineht@=\dimen150
\@envbody=\toks19
\multlinegap=\skip55
\multlinetaggap=\skip56
\mathdisplay@stack=\toks20
LaTeX Info: Redefining \[ on input line 2859.
LaTeX Info: Redefining \] on input line 2860.
)
(/usr/share/texlive/texmf-dist/tex/latex/amsfonts/amssymb.sty
Package: amssymb 2013/01/14 v3.01 AMS font symbols

(/usr/share/texlive/texmf-dist/tex/latex/amsfonts/amsfonts.sty
Package: amsfonts 2013/01/14 v3.01 Basic AMSFonts support
\symAMSa=\mathgroup4
\symAMSb=\mathgroup5
LaTeX Font Info:    Redeclaring math symbol \hbar on input line 98.
LaTeX Font Info:    Overwriting math alphabet `\mathfrak' in version `bold'
(Font)                  U/euf/m/n --> U/euf/b/n on input line 106.
))
(/home/scruffy/rafi/texmf/tex/latex/moderncv/physics.sty
Package: physics 

(/usr/share/texlive/texmf-dist/tex/latex/l3packages/xparse/xparse.sty
(/usr/share/texlive/texmf-dist/tex/latex/l3kernel/expl3.sty
Package: expl3 2020-04-06 L3 programming layer (loader) 

(/usr/share/texlive/texmf-dist/tex/latex/l3backend/l3backend-pdfmode.def
File: l3backend-pdfmode.def 2020-03-12 L3 backend support: PDF mode
\l__kernel_color_stack_int=\count193
\l__pdf_internal_box=\box47
))
Package: xparse 2020-03-06 L3 Experimental document command parser
\l__xparse_current_arg_int=\count194
\g__xparse_grabber_int=\count195
\l__xparse_m_args_int=\count196
\l__xparse_v_nesting_int=\count197
))
(/usr/share/texlive/texmf-dist/tex/latex/newpx/newpxtext.sty
Package: newpxtext 2017/08/18 v1.321

`newpxtext' v1.321, 2017/08/18 Text macros taking advantage of TeXGyre Pagella 
and its extensions (msharpe)
(/usr/share/texlive/texmf-dist/tex/latex/fontaxes/fontaxes.sty
Package: fontaxes 2014/03/23 v1.0d Font selection axes
LaTeX Info: Redefining \upshape on input line 29.
LaTeX Info: Redefining \itshape on input line 31.
LaTeX Info: Redefining \slshape on input line 33.
LaTeX Info: Redefining \swshape on input line 35.
LaTeX Info: Redefining \scshape on input line 37.
LaTeX Info: Redefining \sscshape on input line 39.
LaTeX Info: Redefining \ulcshape on input line 41.
LaTeX Info: Redefining \textsw on input line 47.
LaTeX Info: Redefining \textssc on input line 48.
LaTeX Info: Redefining \textulc on input line 49.
)
(/usr/share/texlive/texmf-dist/tex/latex/xkeyval/xkeyval.sty
Package: xkeyval 2014/12/03 v2.7a package option processing (HA)

(/usr/share/texlive/texmf-dist/tex/generic/xkeyval/xkeyval.tex
(/usr/share/texlive/texmf-dist/tex/generic/xkeyval/xkvutils.tex
\XKV@toks=\toks21
\XKV@tempa@toks=\toks22
)
\XKV@depth=\count198
File: xkeyval.tex 2014/12/03 v2.7a key=value parser (HA)
))
(/usr/share/texlive/texmf-dist/tex/latex/etoolbox/etoolbox.sty
Package: etoolbox 2019/09/21 v2.5h e-TeX tools for LaTeX (JAW)
\etb@tempcnta=\count199
)
(/usr/share/texlive/texmf-dist/tex/latex/base/fontenc.sty
Package: fontenc 2020/02/11 v2.0o Standard LaTeX package
LaTeX Font Info:    Trying to load font information for T1+zpltlf on input line
 112.

(/usr/share/texlive/texmf-dist/tex/latex/newpx/t1zpltlf.fd
File: t1zpltlf.fd 2015/01/17 v1.0 font definition file for T1/zpl/tlf
)
LaTeX Font Info:    Font shape `T1/zpltlf/m/n' will be
(Font)              scaled to size 12.0pt on input line 112.
))
(/usr/share/texlive/texmf-dist/tex/latex/newpx/newpxmath.sty
Package: newpxmath 2020/01/09 v1.409

`newpxmath' v1.409, 2020/01/09 Math macros based on pxfonts (msharpe)
(/usr/share/texlive/texmf-dist/tex/generic/kastrup/binhex.tex)
(/usr/share/texlive/texmf-dist/tex/latex/oberdiek/centernot.sty
Package: centernot 2016/05/16 v1.4 Centers the not symbol horizontally (HO)
)
\px@tA=\toks23
\px@tB=\toks24
\px@su=\read2
\px@Isdigit=\count266
LaTeX Font Info:    Redeclaring symbol font `operators' on input line 194.
LaTeX Font Info:    Overwriting symbol font `operators' in version `normal'
(Font)                  OT1/cmr/m/n --> OT1/zpltlf/m/n on input line 194.
LaTeX Font Info:    Overwriting symbol font `operators' in version `bold'
(Font)                  OT1/cmr/bx/n --> OT1/zpltlf/m/n on input line 194.
LaTeX Font Info:    Overwriting symbol font `operators' in version `bold'
(Font)                  OT1/zpltlf/m/n --> OT1/zpltlf/b/n on input line 195.
LaTeX Font Info:    Redeclaring math alphabet \mathsf on input line 198.
LaTeX Font Info:    Overwriting math alphabet `\mathsf' in version `normal'
(Font)                  OT1/cmss/m/n --> T1/qhv/m/n on input line 198.
LaTeX Font Info:    Overwriting math alphabet `\mathsf' in version `bold'
(Font)                  OT1/cmss/bx/n --> T1/qhv/m/n on input line 198.
LaTeX Font Info:    Redeclaring math alphabet \mathit on input line 199.
LaTeX Font Info:    Overwriting math alphabet `\mathit' in version `normal'
(Font)                  OT1/cmr/m/it --> OT1/zpltlf/m/it on input line 199.
LaTeX Font Info:    Overwriting math alphabet `\mathit' in version `bold'
(Font)                  OT1/cmr/bx/it --> OT1/zpltlf/m/it on input line 199.
LaTeX Font Info:    Redeclaring math alphabet \mathtt on input line 200.
LaTeX Font Info:    Overwriting math alphabet `\mathtt' in version `normal'
(Font)                  OT1/cmtt/m/n --> T1/npxtt/m/n on input line 200.
LaTeX Font Info:    Overwriting math alphabet `\mathtt' in version `bold'
(Font)                  OT1/cmtt/m/n --> T1/npxtt/m/n on input line 200.
LaTeX Font Info:    Redeclaring math alphabet \mathbf on input line 202.
LaTeX Font Info:    Overwriting math alphabet `\mathbf' in version `normal'
(Font)                  OT1/cmr/bx/n --> OT1/zpltlf/b/n on input line 202.
LaTeX Font Info:    Overwriting math alphabet `\mathbf' in version `bold'
(Font)                  OT1/cmr/bx/n --> OT1/zpltlf/b/n on input line 202.
LaTeX Font Info:    Overwriting math alphabet `\mathit' in version `bold'
(Font)                  OT1/zpltlf/m/it --> OT1/zpltlf/b/it on input line 203.
LaTeX Font Info:    Overwriting math alphabet `\mathsf' in version `bold'
(Font)                  T1/qhv/m/n --> T1/qhv/b/n on input line 205.
LaTeX Font Info:    Overwriting math alphabet `\mathtt' in version `bold'
(Font)                  T1/npxtt/m/n --> T1/npxtt/b/n on input line 206.
LaTeX Font Info:    Redeclaring symbol font `letters' on input line 217.
LaTeX Font Info:    Overwriting symbol font `letters' in version `normal'
(Font)                  OML/cmm/m/it --> OML/npxmi/m/it on input line 217.
LaTeX Font Info:    Overwriting symbol font `letters' in version `bold'
(Font)                  OML/cmm/b/it --> OML/npxmi/m/it on input line 217.
LaTeX Font Info:    Overwriting symbol font `letters' in version `bold'
(Font)                  OML/npxmi/m/it --> OML/npxmi/b/it on input line 218.
\symlettersA=\mathgroup6
LaTeX Font Info:    Overwriting symbol font `lettersA' in version `bold'
(Font)                  U/npxmia/m/it --> U/npxmia/b/it on input line 236.
LaTeX Font Info:    Redeclaring math alphabet \mathfrak on input line 238.
Now handling font encoding LMS ...
... no UTF-8 mapping file for font encoding LMS
LaTeX Font Info:    Redeclaring symbol font `symbols' on input line 246.
LaTeX Font Info:    Encoding `OMS' has changed to `LMS' for symbol font
(Font)              `symbols' in the math version `normal' on input line 246.
LaTeX Font Info:    Overwriting symbol font `symbols' in version `normal'
(Font)                  OMS/cmsy/m/n --> LMS/npxsy/m/n on input line 246.
LaTeX Font Info:    Encoding `OMS' has changed to `LMS' for symbol font
(Font)              `symbols' in the math version `bold' on input line 246.
LaTeX Font Info:    Overwriting symbol font `symbols' in version `bold'
(Font)                  OMS/cmsy/b/n --> LMS/npxsy/m/n on input line 246.
LaTeX Font Info:    Overwriting symbol font `symbols' in version `bold'
(Font)                  LMS/npxsy/m/n --> LMS/npxsy/b/n on input line 247.
\symAMSm=\mathgroup7
LaTeX Font Info:    Overwriting symbol font `AMSm' in version `bold'
(Font)                  U/npxsym/m/n --> U/npxsym/b/n on input line 265.
\symsymbolsC=\mathgroup8
LaTeX Font Info:    Overwriting symbol font `symbolsC' in version `bold'
(Font)                  U/npxsyc/m/n --> U/npxsyc/b/n on input line 287.
Now handling font encoding LMX ...
... no UTF-8 mapping file for font encoding LMX
LaTeX Font Info:    Redeclaring symbol font `largesymbols' on input line 307.
LaTeX Font Info:    Encoding `OMX' has changed to `LMX' for symbol font
(Font)              `largesymbols' in the math version `normal' on input line 3
07.
LaTeX Font Info:    Overwriting symbol font `largesymbols' in version `normal'
(Font)                  OMX/cmex/m/n --> LMX/npxexx/m/n on input line 307.
LaTeX Font Info:    Encoding `OMX' has changed to `LMX' for symbol font
(Font)              `largesymbols' in the math version `bold' on input line 307
.
LaTeX Font Info:    Overwriting symbol font `largesymbols' in version `bold'
(Font)                  OMX/cmex/m/n --> LMX/npxexx/m/n on input line 307.
LaTeX Font Info:    Overwriting symbol font `largesymbols' in version `bold'
(Font)                  LMX/npxexx/m/n --> LMX/npxexx/b/n on input line 308.
\symlargesymbolsPXA=\mathgroup9
LaTeX Font Info:    Overwriting symbol font `largesymbolsPXA' in version `bold'

(Font)                  U/npxexa/m/n --> U/npxexa/b/n on input line 315.
\px@cntz=\count267
\px@IsAlNum=\count268
\px@sbptoks=\toks25
LaTeX Font Info:    Redeclaring math delimiter \lfloor on input line 470.
LaTeX Font Info:    Redeclaring math delimiter \rfloor on input line 471.
LaTeX Font Info:    Redeclaring math delimiter \lceil on input line 472.
LaTeX Font Info:    Redeclaring math delimiter \rceil on input line 473.
LaTeX Font Info:    Redeclaring math delimiter \lbrace on input line 474.
LaTeX Font Info:    Redeclaring math delimiter \rbrace on input line 475.
LaTeX Font Info:    Redeclaring math delimiter \langle on input line 476.
LaTeX Font Info:    Redeclaring math delimiter \rangle on input line 478.
LaTeX Font Info:    Redeclaring math delimiter \arrowvert on input line 482.
LaTeX Font Info:    Redeclaring math delimiter \vert on input line 483.
LaTeX Font Info:    Redeclaring math symbol \parallel on input line 484.
LaTeX Font Info:    Redeclaring math delimiter \Arrowvert on input line 485.
LaTeX Font Info:    Redeclaring math accent \grave on input line 525.
LaTeX Font Info:    Redeclaring math accent \acute on input line 526.
LaTeX Font Info:    Redeclaring math accent \hat on input line 527.
LaTeX Font Info:    Redeclaring math accent \tilde on input line 528.
LaTeX Font Info:    Redeclaring math accent \bar on input line 529.
LaTeX Font Info:    Redeclaring math accent \breve on input line 530.
LaTeX Font Info:    Redeclaring math accent \mathring on input line 531.
LaTeX Font Info:    Redeclaring math accent \check on input line 532.
LaTeX Font Info:    Redeclaring math accent \dot on input line 536.
LaTeX Font Info:    Redeclaring math accent \ddot on input line 537.
LaTeX Font Info:    Redeclaring math accent \vec on input line 1579.
\npx@numstart=\count269
\npx@UCstart=\count270
\npx@lcstart=\count271
\npx@tmpc=\count272
\npx@imath=\count273
\npx@jmath=\count274
LaTeX Info: Redefining \not on input line 2132.
)
(/usr/share/texlive/texmf-dist/tex/latex/graphics/graphicx.sty
Package: graphicx 2019/11/30 v1.2a Enhanced LaTeX Graphics (DPC,SPQR)

(/usr/share/texlive/texmf-dist/tex/latex/graphics/graphics.sty
Package: graphics 2019/11/30 v1.4a Standard LaTeX Graphics (DPC,SPQR)

(/usr/share/texlive/texmf-dist/tex/latex/graphics/trig.sty
Package: trig 2016/01/03 v1.10 sin cos tan (DPC)
)
(/usr/share/texlive/texmf-dist/tex/latex/graphics-cfg/graphics.cfg
File: graphics.cfg 2016/06/04 v1.11 sample graphics configuration
)
Package graphics Info: Driver file: pdftex.def on input line 105.

(/usr/share/texlive/texmf-dist/tex/latex/graphics-def/pdftex.def
File: pdftex.def 2018/01/08 v1.0l Graphics/color driver for pdftex
))
\Gin@req@height=\dimen151
\Gin@req@width=\dimen152
)
(/usr/share/texlive/texmf-dist/tex/latex/textgreek/textgreek.sty
Package: textgreek 2011/10/09 v0.7 Greek symbols in text
Package textgreek Info: Loading the definitions for the Greek fontencoding. on 
input line 39.

(/usr/share/texlive/texmf-dist/tex/latex/greek-fontenc/lgrenc.def
File: lgrenc.def 2019/07/09 v0.13.3 LGR Greek font encoding definitions
Now handling font encoding LGR ...
... no UTF-8 mapping file for font encoding LGR

(/usr/share/texlive/texmf-dist/tex/latex/greek-fontenc/greek-fontenc.def
File: greek-fontenc.def 2015/08/04 v0.13.4 Common Greek font encoding definitio
ns
))
Package textgreek Info: Loaded fontmap: {eur/*/*}{U/eur/*/*} {phv/*/*}{U/psy/*/
*}. on input line 69.
)
(/usr/share/texlive/texmf-dist/tex/latex/miller/miller.sty
Package: miller 2004/09/20 v1.2 print miller indices
)
(/usr/share/texlive/texmf-dist/tex/latex/comment/comment.sty
\CommentStream=\write3

Excluding comment 'comment')
(/usr/share/texlive/texmf-dist/tex/latex/siunitx/siunitx.sty
Package: siunitx 2020/02/25 v2.8b A comprehensive (SI) units package

(/usr/share/texlive/texmf-dist/tex/latex/tools/array.sty
Package: array 2019/08/31 v2.4l Tabular extension package (FMi)
\col@sep=\dimen153
\ar@mcellbox=\box48
\extrarowheight=\dimen154
\NC@list=\toks26
\extratabsurround=\skip57
\backup@length=\skip58
\ar@cellbox=\box49
)
(/usr/share/texlive/texmf-dist/tex/latex/l3packages/l3keys2e/l3keys2e.sty
Package: l3keys2e 2020-03-06 LaTeX2e option processing using LaTeX3 keys
)
\l__siunitx_tmp_box=\box50
\l__siunitx_tmp_dim=\dimen155
\l__siunitx_tmp_int=\count275
\l__siunitx_number_mantissa_length_int=\count276
\l__siunitx_number_uncert_length_int=\count277
\l__siunitx_round_int=\count278
\l__siunitx_process_decimal_int=\count279
\l__siunitx_process_uncertainty_int=\count280
\l__siunitx_process_fixed_int=\count281
\l__siunitx_process_integer_min_int=\count282
\l__siunitx_process_precision_int=\count283
\l__siunitx_group_min_int=\count284
\l__siunitx_angle_marker_box=\box51
\l__siunitx_angle_unit_box=\box52
\l__siunitx_angle_marker_dim=\dimen156
\l__siunitx_angle_unit_dim=\dimen157
\l__siunitx_unit_int=\count285
\l__siunitx_unit_denominator_int=\count286
\l__siunitx_unit_numerator_int=\count287
\l__siunitx_unit_prefix_int=\count288
\l__siunitx_unit_prefix_base_int=\count289
\l__siunitx_unit_prefix_gram_int=\count290
\l__siunitx_number_product_int=\count291
\c__siunitx_one_fill_skip=\skip59
\l__siunitx_table_unit_align_skip=\skip60
\l__siunitx_table_exponent_dim=\dimen158
\l__siunitx_table_integer_dim=\dimen159
\l__siunitx_table_mantissa_dim=\dimen160
\l__siunitx_table_marker_dim=\dimen161
\l__siunitx_table_result_dim=\dimen162
\l__siunitx_table_uncert_dim=\dimen163
\l__siunitx_table_fill_pre_dim=\dimen164
\l__siunitx_table_fill_post_dim=\dimen165
\l__siunitx_table_fill_mid_dim=\dimen166
\l__siunitx_table_pre_box=\box53
\l__siunitx_table_post_box=\box54
\l__siunitx_table_mantissa_box=\box55
\l__siunitx_table_result_box=\box56
\l__siunitx_table_number_align_skip=\skip61
\l__siunitx_table_text_align_skip=\skip62

(/usr/share/texlive/texmf-dist/tex/latex/translator/translator.sty
Package: translator 2019-05-31 v1.12a Easy translation of strings in LaTeX
))
(/usr/share/texlive/texmf-dist/tex/latex/mhchem/mhchem.sty
Package: mhchem 2018/06/22 v4.08 for typesetting chemical formulae

(/usr/share/texlive/texmf-dist/tex/latex/tools/calc.sty
Package: calc 2017/05/25 v4.3 Infix arithmetic (KKT,FJ)
\calc@Acount=\count292
\calc@Bcount=\count293
\calc@Adimen=\dimen167
\calc@Bdimen=\dimen168
\calc@Askip=\skip63
\calc@Bskip=\skip64
LaTeX Info: Redefining \setlength on input line 80.
LaTeX Info: Redefining \addtolength on input line 81.
\calc@Ccount=\count294
\calc@Cskip=\skip65
)
(/usr/share/texlive/texmf-dist/tex/latex/chemgreek/chemgreek.sty
Package: chemgreek 2020/01/16 v1.1a interface for upright Greek letters for use
 in chemistry (CN)
\l__chemgreek_tmpa_int=\count295
\g__chemgreek_tmpa_int=\count296
)
\l__mhchem_ce_distanceFromLastComma_int=\count297
\__mhchem_arrow_extPgfLength_skip=\skip66
\mhchem@minispace@tmp=\skip67
\mhchem@minibackspace@tmp=\skip68
\mhchem@bondwidth=\skip69
\mhchem@bondheight=\skip70
\mhchem@smallbondwidth@tmpA=\skip71
\mhchem@smallbondwidth@tmpB=\skip72
\mhchem@smallbondwidth=\skip73
\mhchem@bondtmp@minussidebearingleft=\skip74
\mhchem@bondtmp@minussidebearingright=\skip75
\l__mhchem_option_version_int=\count298
\mhchem@option@minusmathsidebearingleft=\dimen169
\mhchem@option@minusmathsidebearingright=\dimen170
\mhchem@option@minustextsidebearingleft=\dimen171
\mhchem@option@minustextsidebearingright=\dimen172
)
(/usr/share/texlive/texmf-dist/tex/latex/graphics/rotating.sty
Package: rotating 2016/08/11 v2.16d rotated objects in LaTeX

(/usr/share/texlive/texmf-dist/tex/latex/base/ifthen.sty
Package: ifthen 2014/09/29 v1.1c Standard LaTeX ifthen package (DPC)
)
\c@r@tfl@t=\count299
\rotFPtop=\skip76
\rotFPbot=\skip77
\rot@float@box=\box57
\rot@mess@toks=\toks27
)
(/usr/share/texlive/texmf-dist/tex/latex/cite/chapterbib.sty
\c@inputfile=\count300
Package: chapterbib 2010/09/18  v 1.17
)
(/usr/share/texlive/texmf-dist/tex/latex/booktabs/booktabs.sty
Package: booktabs 2020/01/12 v1.61803398 Publication quality tables
\heavyrulewidth=\dimen173
\lightrulewidth=\dimen174
\cmidrulewidth=\dimen175
\belowrulesep=\dimen176
\belowbottomsep=\dimen177
\aboverulesep=\dimen178
\abovetopsep=\dimen179
\cmidrulesep=\dimen180
\cmidrulekern=\dimen181
\defaultaddspace=\dimen182
\@cmidla=\count301
\@cmidlb=\count302
\@aboverulesep=\dimen183
\@belowrulesep=\dimen184
\@thisruleclass=\count303
\@lastruleclass=\count304
\@thisrulewidth=\dimen185
)
(/usr/share/texlive/texmf-dist/tex/latex/textcase/textcase.sty
Package: textcase 2019/09/14 v1.00 Text only upper/lower case changing (DPC)
)
(/usr/share/texlive/texmf-dist/tex/latex/xcolor/xcolor.sty
Package: xcolor 2016/05/11 v2.12 LaTeX color extensions (UK)

(/usr/share/texlive/texmf-dist/tex/latex/graphics-cfg/color.cfg
File: color.cfg 2016/01/02 v1.6 sample color configuration
)
Package xcolor Info: Driver file: pdftex.def on input line 225.
Package xcolor Info: Model `cmy' substituted by `cmy0' on input line 1348.
Package xcolor Info: Model `hsb' substituted by `rgb' on input line 1352.
Package xcolor Info: Model `RGB' extended on input line 1364.
Package xcolor Info: Model `HTML' substituted by `rgb' on input line 1366.
Package xcolor Info: Model `Hsb' substituted by `hsb' on input line 1367.
Package xcolor Info: Model `tHsb' substituted by `hsb' on input line 1368.
Package xcolor Info: Model `HSB' substituted by `hsb' on input line 1369.
Package xcolor Info: Model `Gray' substituted by `gray' on input line 1370.
Package xcolor Info: Model `wave' substituted by `hsb' on input line 1371.
)
(/usr/share/texlive/texmf-dist/tex/latex/nomencl/nomencl.sty
Package: nomencl 2020/03/01 v5.4 Nomenclature package

(/usr/share/texlive/texmf-dist/tex/latex/koma-script/tocbasic.sty
Package: tocbasic 2020/04/19 v3.30 KOMA-Script package (handling toc-files)

(/usr/share/texlive/texmf-dist/tex/latex/koma-script/scrbase.sty
Package: scrbase 2020/04/19 v3.30 KOMA-Script package (KOMA-Script-independent 
basics and keyval usage)

(/usr/share/texlive/texmf-dist/tex/latex/koma-script/scrlfile.sty
Package: scrlfile 2020/04/19 v3.30 KOMA-Script package (loading files)
))
\scr@dte@tocline@numberwidth=\skip78
\scr@dte@tocline@numbox=\box58
)
Package tocbasic Info: setting babel extension for `nlo' on input line 179.
Package tocbasic Info: setting babel extension for `nls' on input line 180.
\nomlabelwidth=\dimen186
\nom@tempdim=\dimen187
\nomitemsep=\skip79
)
(/usr/share/texlive/texmf-dist/tex/latex/pgf/frontendlayer/tikz.sty
(/usr/share/texlive/texmf-dist/tex/latex/pgf/basiclayer/pgf.sty
(/usr/share/texlive/texmf-dist/tex/latex/pgf/utilities/pgfrcs.sty
(/usr/share/texlive/texmf-dist/tex/generic/pgf/utilities/pgfutil-common.tex
\pgfutil@everybye=\toks28
\pgfutil@tempdima=\dimen188
\pgfutil@tempdimb=\dimen189

(/usr/share/texlive/texmf-dist/tex/generic/pgf/utilities/pgfutil-common-lists.t
ex)) (/usr/share/texlive/texmf-dist/tex/generic/pgf/utilities/pgfutil-latex.def
\pgfutil@abb=\box59
(/usr/share/texlive/texmf-dist/tex/latex/ms/everyshi.sty
Package: everyshi 2001/05/15 v3.00 EveryShipout Package (MS)
))
(/usr/share/texlive/texmf-dist/tex/generic/pgf/utilities/pgfrcs.code.tex
(/usr/share/texlive/texmf-dist/tex/generic/pgf/pgf.revision.tex)
Package: pgfrcs 2020/01/08 v3.1.5b (3.1.5b)
))
Package: pgf 2020/01/08 v3.1.5b (3.1.5b)

(/usr/share/texlive/texmf-dist/tex/latex/pgf/basiclayer/pgfcore.sty
(/usr/share/texlive/texmf-dist/tex/latex/pgf/systemlayer/pgfsys.sty
(/usr/share/texlive/texmf-dist/tex/generic/pgf/systemlayer/pgfsys.code.tex
Package: pgfsys 2020/01/08 v3.1.5b (3.1.5b)

(/usr/share/texlive/texmf-dist/tex/generic/pgf/utilities/pgfkeys.code.tex
\pgfkeys@pathtoks=\toks29
\pgfkeys@temptoks=\toks30

(/usr/share/texlive/texmf-dist/tex/generic/pgf/utilities/pgfkeysfiltered.code.t
ex
\pgfkeys@tmptoks=\toks31
))
\pgf@x=\dimen190
\pgf@y=\dimen191
\pgf@xa=\dimen192
\pgf@ya=\dimen193
\pgf@xb=\dimen194
\pgf@yb=\dimen195
\pgf@xc=\dimen196
\pgf@yc=\dimen197
\pgf@xd=\dimen198
\pgf@yd=\dimen199
\w@pgf@writea=\write4
\r@pgf@reada=\read3
\c@pgf@counta=\count305
\c@pgf@countb=\count306
\c@pgf@countc=\count307
\c@pgf@countd=\count308
\t@pgf@toka=\toks32
\t@pgf@tokb=\toks33
\t@pgf@tokc=\toks34
\pgf@sys@id@count=\count309
 (/usr/share/texlive/texmf-dist/tex/generic/pgf/systemlayer/pgf.cfg
File: pgf.cfg 2020/01/08 v3.1.5b (3.1.5b)
)
Driver file for pgf: pgfsys-pdftex.def

(/usr/share/texlive/texmf-dist/tex/generic/pgf/systemlayer/pgfsys-pdftex.def
File: pgfsys-pdftex.def 2020/01/08 v3.1.5b (3.1.5b)

(/usr/share/texlive/texmf-dist/tex/generic/pgf/systemlayer/pgfsys-common-pdf.de
f
File: pgfsys-common-pdf.def 2020/01/08 v3.1.5b (3.1.5b)
)))
(/usr/share/texlive/texmf-dist/tex/generic/pgf/systemlayer/pgfsyssoftpath.code.
tex
File: pgfsyssoftpath.code.tex 2020/01/08 v3.1.5b (3.1.5b)
\pgfsyssoftpath@smallbuffer@items=\count310
\pgfsyssoftpath@bigbuffer@items=\count311
)
(/usr/share/texlive/texmf-dist/tex/generic/pgf/systemlayer/pgfsysprotocol.code.
tex
File: pgfsysprotocol.code.tex 2020/01/08 v3.1.5b (3.1.5b)
))
(/usr/share/texlive/texmf-dist/tex/generic/pgf/basiclayer/pgfcore.code.tex
Package: pgfcore 2020/01/08 v3.1.5b (3.1.5b)

(/usr/share/texlive/texmf-dist/tex/generic/pgf/math/pgfmath.code.tex
(/usr/share/texlive/texmf-dist/tex/generic/pgf/math/pgfmathcalc.code.tex
(/usr/share/texlive/texmf-dist/tex/generic/pgf/math/pgfmathutil.code.tex)
(/usr/share/texlive/texmf-dist/tex/generic/pgf/math/pgfmathparser.code.tex
\pgfmath@dimen=\dimen256
\pgfmath@count=\count312
\pgfmath@box=\box60
\pgfmath@toks=\toks35
\pgfmath@stack@operand=\toks36
\pgfmath@stack@operation=\toks37
)
(/usr/share/texlive/texmf-dist/tex/generic/pgf/math/pgfmathfunctions.code.tex
(/usr/share/texlive/texmf-dist/tex/generic/pgf/math/pgfmathfunctions.basic.code
.tex)
(/usr/share/texlive/texmf-dist/tex/generic/pgf/math/pgfmathfunctions.trigonomet
ric.code.tex)
(/usr/share/texlive/texmf-dist/tex/generic/pgf/math/pgfmathfunctions.random.cod
e.tex)
(/usr/share/texlive/texmf-dist/tex/generic/pgf/math/pgfmathfunctions.comparison
.code.tex)
(/usr/share/texlive/texmf-dist/tex/generic/pgf/math/pgfmathfunctions.base.code.
tex)
(/usr/share/texlive/texmf-dist/tex/generic/pgf/math/pgfmathfunctions.round.code
.tex)
(/usr/share/texlive/texmf-dist/tex/generic/pgf/math/pgfmathfunctions.misc.code.
tex)
(/usr/share/texlive/texmf-dist/tex/generic/pgf/math/pgfmathfunctions.integerari
thmetics.code.tex)))
(/usr/share/texlive/texmf-dist/tex/generic/pgf/math/pgfmathfloat.code.tex
\c@pgfmathroundto@lastzeros=\count313
))
(/usr/share/texlive/texmf-dist/tex/generic/pgf/math/pgfint.code.tex)
(/usr/share/texlive/texmf-dist/tex/generic/pgf/basiclayer/pgfcorepoints.code.te
x
File: pgfcorepoints.code.tex 2020/01/08 v3.1.5b (3.1.5b)
\pgf@picminx=\dimen257
\pgf@picmaxx=\dimen258
\pgf@picminy=\dimen259
\pgf@picmaxy=\dimen260
\pgf@pathminx=\dimen261
\pgf@pathmaxx=\dimen262
\pgf@pathminy=\dimen263
\pgf@pathmaxy=\dimen264
\pgf@xx=\dimen265
\pgf@xy=\dimen266
\pgf@yx=\dimen267
\pgf@yy=\dimen268
\pgf@zx=\dimen269
\pgf@zy=\dimen270
)
(/usr/share/texlive/texmf-dist/tex/generic/pgf/basiclayer/pgfcorepathconstruct.
code.tex
File: pgfcorepathconstruct.code.tex 2020/01/08 v3.1.5b (3.1.5b)
\pgf@path@lastx=\dimen271
\pgf@path@lasty=\dimen272
)
(/usr/share/texlive/texmf-dist/tex/generic/pgf/basiclayer/pgfcorepathusage.code
.tex
File: pgfcorepathusage.code.tex 2020/01/08 v3.1.5b (3.1.5b)
\pgf@shorten@end@additional=\dimen273
\pgf@shorten@start@additional=\dimen274
)
(/usr/share/texlive/texmf-dist/tex/generic/pgf/basiclayer/pgfcorescopes.code.te
x
File: pgfcorescopes.code.tex 2020/01/08 v3.1.5b (3.1.5b)
\pgfpic=\box61
\pgf@hbox=\box62
\pgf@layerbox@main=\box63
\pgf@picture@serial@count=\count314
)
(/usr/share/texlive/texmf-dist/tex/generic/pgf/basiclayer/pgfcoregraphicstate.c
ode.tex
File: pgfcoregraphicstate.code.tex 2020/01/08 v3.1.5b (3.1.5b)
\pgflinewidth=\dimen275
)
(/usr/share/texlive/texmf-dist/tex/generic/pgf/basiclayer/pgfcoretransformation
s.code.tex
File: pgfcoretransformations.code.tex 2020/01/08 v3.1.5b (3.1.5b)
\pgf@pt@x=\dimen276
\pgf@pt@y=\dimen277
\pgf@pt@temp=\dimen278
)
(/usr/share/texlive/texmf-dist/tex/generic/pgf/basiclayer/pgfcorequick.code.tex
File: pgfcorequick.code.tex 2020/01/08 v3.1.5b (3.1.5b)
)
(/usr/share/texlive/texmf-dist/tex/generic/pgf/basiclayer/pgfcoreobjects.code.t
ex
File: pgfcoreobjects.code.tex 2020/01/08 v3.1.5b (3.1.5b)
)
(/usr/share/texlive/texmf-dist/tex/generic/pgf/basiclayer/pgfcorepathprocessing
.code.tex
File: pgfcorepathprocessing.code.tex 2020/01/08 v3.1.5b (3.1.5b)
)
(/usr/share/texlive/texmf-dist/tex/generic/pgf/basiclayer/pgfcorearrows.code.te
x
File: pgfcorearrows.code.tex 2020/01/08 v3.1.5b (3.1.5b)
\pgfarrowsep=\dimen279
)
(/usr/share/texlive/texmf-dist/tex/generic/pgf/basiclayer/pgfcoreshade.code.tex
File: pgfcoreshade.code.tex 2020/01/08 v3.1.5b (3.1.5b)
\pgf@max=\dimen280
\pgf@sys@shading@range@num=\count315
\pgf@shadingcount=\count316
)
(/usr/share/texlive/texmf-dist/tex/generic/pgf/basiclayer/pgfcoreimage.code.tex
File: pgfcoreimage.code.tex 2020/01/08 v3.1.5b (3.1.5b)

(/usr/share/texlive/texmf-dist/tex/generic/pgf/basiclayer/pgfcoreexternal.code.
tex
File: pgfcoreexternal.code.tex 2020/01/08 v3.1.5b (3.1.5b)
\pgfexternal@startupbox=\box64
))
(/usr/share/texlive/texmf-dist/tex/generic/pgf/basiclayer/pgfcorelayers.code.te
x
File: pgfcorelayers.code.tex 2020/01/08 v3.1.5b (3.1.5b)
)
(/usr/share/texlive/texmf-dist/tex/generic/pgf/basiclayer/pgfcoretransparency.c
ode.tex
File: pgfcoretransparency.code.tex 2020/01/08 v3.1.5b (3.1.5b)
)
(/usr/share/texlive/texmf-dist/tex/generic/pgf/basiclayer/pgfcorepatterns.code.
tex
File: pgfcorepatterns.code.tex 2020/01/08 v3.1.5b (3.1.5b)
)
(/usr/share/texlive/texmf-dist/tex/generic/pgf/basiclayer/pgfcorerdf.code.tex
File: pgfcorerdf.code.tex 2020/01/08 v3.1.5b (3.1.5b)
)))
(/usr/share/texlive/texmf-dist/tex/generic/pgf/modules/pgfmoduleshapes.code.tex
File: pgfmoduleshapes.code.tex 2020/01/08 v3.1.5b (3.1.5b)
\pgfnodeparttextbox=\box65
) (/usr/share/texlive/texmf-dist/tex/generic/pgf/modules/pgfmoduleplot.code.tex
File: pgfmoduleplot.code.tex 2020/01/08 v3.1.5b (3.1.5b)
)
(/usr/share/texlive/texmf-dist/tex/latex/pgf/compatibility/pgfcomp-version-0-65
.sty
Package: pgfcomp-version-0-65 2020/01/08 v3.1.5b (3.1.5b)
\pgf@nodesepstart=\dimen281
\pgf@nodesepend=\dimen282
)
(/usr/share/texlive/texmf-dist/tex/latex/pgf/compatibility/pgfcomp-version-1-18
.sty
Package: pgfcomp-version-1-18 2020/01/08 v3.1.5b (3.1.5b)
)) (/usr/share/texlive/texmf-dist/tex/latex/pgf/utilities/pgffor.sty
(/usr/share/texlive/texmf-dist/tex/latex/pgf/utilities/pgfkeys.sty
(/usr/share/texlive/texmf-dist/tex/generic/pgf/utilities/pgfkeys.code.tex))
(/usr/share/texlive/texmf-dist/tex/latex/pgf/math/pgfmath.sty
(/usr/share/texlive/texmf-dist/tex/generic/pgf/math/pgfmath.code.tex))
(/usr/share/texlive/texmf-dist/tex/generic/pgf/utilities/pgffor.code.tex
Package: pgffor 2020/01/08 v3.1.5b (3.1.5b)

(/usr/share/texlive/texmf-dist/tex/generic/pgf/math/pgfmath.code.tex)
\pgffor@iter=\dimen283
\pgffor@skip=\dimen284
\pgffor@stack=\toks38
\pgffor@toks=\toks39
))
(/usr/share/texlive/texmf-dist/tex/generic/pgf/frontendlayer/tikz/tikz.code.tex
Package: tikz 2020/01/08 v3.1.5b (3.1.5b)

(/usr/share/texlive/texmf-dist/tex/generic/pgf/libraries/pgflibraryplothandlers
.code.tex
File: pgflibraryplothandlers.code.tex 2020/01/08 v3.1.5b (3.1.5b)
\pgf@plot@mark@count=\count317
\pgfplotmarksize=\dimen285
)
\tikz@lastx=\dimen286
\tikz@lasty=\dimen287
\tikz@lastxsaved=\dimen288
\tikz@lastysaved=\dimen289
\tikz@lastmovetox=\dimen290
\tikz@lastmovetoy=\dimen291
\tikzleveldistance=\dimen292
\tikzsiblingdistance=\dimen293
\tikz@figbox=\box66
\tikz@figbox@bg=\box67
\tikz@tempbox=\box68
\tikz@tempbox@bg=\box69
\tikztreelevel=\count318
\tikznumberofchildren=\count319
\tikznumberofcurrentchild=\count320
\tikz@fig@count=\count321

(/usr/share/texlive/texmf-dist/tex/generic/pgf/modules/pgfmodulematrix.code.tex
File: pgfmodulematrix.code.tex 2020/01/08 v3.1.5b (3.1.5b)
\pgfmatrixcurrentrow=\count322
\pgfmatrixcurrentcolumn=\count323
\pgf@matrix@numberofcolumns=\count324
)
\tikz@expandcount=\count325

(/usr/share/texlive/texmf-dist/tex/generic/pgf/frontendlayer/tikz/libraries/tik
zlibrarytopaths.code.tex
File: tikzlibrarytopaths.code.tex 2020/01/08 v3.1.5b (3.1.5b)
)))
(/usr/share/texlive/texmf-dist/tex/latex/listings/listings.sty
\lst@mode=\count326
\lst@gtempboxa=\box70
\lst@token=\toks40
\lst@length=\count327
\lst@currlwidth=\dimen294
\lst@column=\count328
\lst@pos=\count329
\lst@lostspace=\dimen295
\lst@width=\dimen296
\lst@newlines=\count330
\lst@lineno=\count331
\lst@maxwidth=\dimen297

(/usr/share/texlive/texmf-dist/tex/latex/listings/lstmisc.sty
File: lstmisc.sty 2020/03/24 1.8d (Carsten Heinz)
\c@lstnumber=\count332
\lst@skipnumbers=\count333
\lst@framebox=\box71
)
(/usr/share/texlive/texmf-dist/tex/latex/listings/listings.cfg
File: listings.cfg 2020/03/24 1.8d listings configuration
))
Package: listings 2020/03/24 1.8d (Carsten Heinz)

(/usr/share/texlive/texmf-dist/tex/latex/natbib/natbib.sty
Package: natbib 2010/09/13 8.31b (PWD, AO)
\bibhang=\skip80
\bibsep=\skip81
LaTeX Info: Redefining \cite on input line 694.
\c@NAT@ctr=\count334
)
(/home/scruffy/rafi/texmf/tex/latex/moderncv/appendix.sty
Package: appendix 2020/02/08 v1.2c extra appendix facilities
\c@@pps=\count335
\c@@ppsavesec=\count336
\c@@ppsaveapp=\count337
)
(/usr/share/texlive/texmf-dist/tex/generic/pgf/frontendlayer/tikz/libraries/tik
zlibraryshapes.geometric.code.tex
File: tikzlibraryshapes.geometric.code.tex 2020/01/08 v3.1.5b (3.1.5b)

(/usr/share/texlive/texmf-dist/tex/generic/pgf/libraries/shapes/pgflibraryshape
s.geometric.code.tex
File: pgflibraryshapes.geometric.code.tex 2020/01/08 v3.1.5b (3.1.5b)
))
(/usr/share/texlive/texmf-dist/tex/generic/pgf/frontendlayer/tikz/libraries/tik
zlibraryarrows.code.tex
File: tikzlibraryarrows.code.tex 2020/01/08 v3.1.5b (3.1.5b)

(/usr/share/texlive/texmf-dist/tex/generic/pgf/libraries/pgflibraryarrows.code.
tex
File: pgflibraryarrows.code.tex 2020/01/08 v3.1.5b (3.1.5b)
\arrowsize=\dimen298
))
\@nomenclaturefile=\write5
\openout5 = `thesis_rafi.nlo'.

Package nomencl Info: Writing nomenclature file thesis_rafi.nlo on input line 1
76.
 (./thesis_rafi.aux (./chapters/abstract.aux) (./chapters/firstchapter.aux) (./
chapters/background.aux) (./chapters/01xenontherm.aux)
(./chapters/pseudoUranium.aux) (./chapters/u-mo-xe.aux

LaTeX Warning: Label `sec_intro' multiply defined.

) (./chapters/lihe.aux) (./chapters/conclusions.aux) (./appen/atomicunits.aux)
(./appen/opw.aux) (./appen/paw.aux) (./appen/fem_moose.aux)
(./appen/inputfiles.aux))
\openout1 = `thesis_rafi.aux'.

LaTeX Font Info:    Checking defaults for OML/npxmi/m/it on input line 195.
LaTeX Font Info:    Trying to load font information for OML+npxmi on input line
 195.

(/usr/share/texlive/texmf-dist/tex/latex/newpx/omlnpxmi.fd
File: omlnpxmi.fd 2013/03/21 Fontinst v1.933 font definitions for OML/npxmi.
)
LaTeX Font Info:    ... okay on input line 195.
LaTeX Font Info:    Checking defaults for OMS/cmsy/m/n on input line 195.
LaTeX Font Info:    ... okay on input line 195.
LaTeX Font Info:    Checking defaults for OT1/cmr/m/n on input line 195.
LaTeX Font Info:    ... okay on input line 195.
LaTeX Font Info:    Checking defaults for T1/cmr/m/n on input line 195.
LaTeX Font Info:    ... okay on input line 195.
LaTeX Font Info:    Checking defaults for TS1/cmr/m/n on input line 195.
LaTeX Font Info:    ... okay on input line 195.
LaTeX Font Info:    Checking defaults for OMX/cmex/m/n on input line 195.
LaTeX Font Info:    ... okay on input line 195.
LaTeX Font Info:    Checking defaults for U/npxexa/m/n on input line 195.
LaTeX Font Info:    Trying to load font information for U+npxexa on input line 
195.

(/usr/share/texlive/texmf-dist/tex/latex/newpx/unpxexa.fd
File: unpxexa.fd 2013/03/24 Fontinst v1.933 font definitions for U/npxexa.
)
LaTeX Font Info:    ... okay on input line 195.
LaTeX Font Info:    Checking defaults for LMS/npxsy/m/n on input line 195.
LaTeX Font Info:    Trying to load font information for LMS+npxsy on input line
 195.

(/usr/share/texlive/texmf-dist/tex/latex/newpx/lmsnpxsy.fd
File: lmsnpxsy.fd 2016/07/04 Fontinst v1.933 font definitions for LMS/npxsy.
)
LaTeX Font Info:    ... okay on input line 195.
LaTeX Font Info:    Checking defaults for LMX/npxexx/m/n on input line 195.
LaTeX Font Info:    Trying to load font information for LMX+npxexx on input lin
e 195.

(/usr/share/texlive/texmf-dist/tex/latex/newpx/lmxnpxexx.fd
File: lmxnpxexx.fd 2016/07/04 Fontinst v1.933 font definitions for LMX/npxexx.
)
LaTeX Font Info:    ... okay on input line 195.
LaTeX Font Info:    Checking defaults for LGR/cmr/m/n on input line 195.
LaTeX Font Info:    Trying to load font information for LGR+cmr on input line 1
95.

(/usr/share/texlive/texmf-dist/tex/latex/cbfonts-fd/lgrcmr.fd
File: lgrcmr.fd 2017/07/29 v1.2 Greek European Computer Regular
)
LaTeX Font Info:    ... okay on input line 195.
Package caption Info: Begin \AtBeginDocument code.
Package caption Info: listings package is loaded.
Package caption Info: rotating package is loaded.
Package caption Info: End \AtBeginDocument code.


Class MUthesis Warning: Redefining the nomenclature to fit with MUthesis.cls.

(/usr/share/texlive/texmf-dist/tex/latex/hyperref/hyperref.sty
Package: hyperref 2020/01/14 v7.00d Hypertext links for LaTeX

(/usr/share/texlive/texmf-dist/tex/generic/ltxcmds/ltxcmds.sty
Package: ltxcmds 2019/12/15 v1.24 LaTeX kernel commands for general use (HO)
)
(/usr/share/texlive/texmf-dist/tex/generic/iftex/iftex.sty
Package: iftex 2020/03/06 v1.0d TeX engine tests
)
(/usr/share/texlive/texmf-dist/tex/latex/pdftexcmds/pdftexcmds.sty
Package: pdftexcmds 2019/11/24 v0.31 Utility functions of pdfTeX for LuaTeX (HO
)

(/usr/share/texlive/texmf-dist/tex/generic/infwarerr/infwarerr.sty
Package: infwarerr 2019/12/03 v1.5 Providing info/warning/error messages (HO)
)
Package pdftexcmds Info: \pdf@primitive is available.
Package pdftexcmds Info: \pdf@ifprimitive is available.
Package pdftexcmds Info: \pdfdraftmode found.
)
(/usr/share/texlive/texmf-dist/tex/generic/kvsetkeys/kvsetkeys.sty
Package: kvsetkeys 2019/12/15 v1.18 Key value parser (HO)
)
(/usr/share/texlive/texmf-dist/tex/generic/kvdefinekeys/kvdefinekeys.sty
Package: kvdefinekeys 2019-12-19 v1.6 Define keys (HO)
)
(/usr/share/texlive/texmf-dist/tex/generic/pdfescape/pdfescape.sty
Package: pdfescape 2019/12/09 v1.15 Implements pdfTeX's escape features (HO)
)
(/usr/share/texlive/texmf-dist/tex/latex/hycolor/hycolor.sty
Package: hycolor 2020-01-27 v1.10 Color options for hyperref/bookmark (HO)
)
(/usr/share/texlive/texmf-dist/tex/latex/letltxmacro/letltxmacro.sty
Package: letltxmacro 2019/12/03 v1.6 Let assignment for LaTeX macros (HO)
)
(/usr/share/texlive/texmf-dist/tex/latex/auxhook/auxhook.sty
Package: auxhook 2019-12-17 v1.6 Hooks for auxiliary files (HO)
)
(/usr/share/texlive/texmf-dist/tex/latex/kvoptions/kvoptions.sty
Package: kvoptions 2019/11/29 v3.13 Key value format for package options (HO)
)
\@linkdim=\dimen299
\Hy@linkcounter=\count338
\Hy@pagecounter=\count339

(/usr/share/texlive/texmf-dist/tex/latex/hyperref/pd1enc.def
File: pd1enc.def 2020/01/14 v7.00d Hyperref: PDFDocEncoding definition (HO)
Now handling font encoding PD1 ...
... no UTF-8 mapping file for font encoding PD1
)
(/usr/share/texlive/texmf-dist/tex/generic/intcalc/intcalc.sty
Package: intcalc 2019/12/15 v1.3 Expandable calculations with integers (HO)
)
(/usr/share/texlive/texmf-dist/tex/generic/etexcmds/etexcmds.sty
Package: etexcmds 2019/12/15 v1.7 Avoid name clashes with e-TeX commands (HO)
)
\Hy@SavedSpaceFactor=\count340
Package hyperref Info: Option `pdfpagelabels' set `true' on input line 4421.
Package hyperref Info: Hyper figures OFF on input line 4547.
Package hyperref Info: Link nesting OFF on input line 4552.
Package hyperref Info: Hyper index ON on input line 4555.
Package hyperref Info: Plain pages OFF on input line 4562.
Package hyperref Info: Backreferencing OFF on input line 4567.
Package hyperref Info: Implicit mode ON; LaTeX internals redefined.
Package hyperref Info: Bookmarks ON on input line 4800.
\c@Hy@tempcnt=\count341

(/usr/share/texlive/texmf-dist/tex/latex/url/url.sty
\Urlmuskip=\muskip17
Package: url 2013/09/16  ver 3.4  Verb mode for urls, etc.
)
LaTeX Info: Redefining \url on input line 5159.
\XeTeXLinkMargin=\dimen300
Package auxhook Info: \AddLineBeginMainAux comes a little late,
(auxhook)             because the main .aux file is already opened on input lin
e 5540.

(/usr/share/texlive/texmf-dist/tex/generic/bitset/bitset.sty
Package: bitset 2019/12/09 v1.3 Handle bit-vector datatype (HO)

(/usr/share/texlive/texmf-dist/tex/generic/bigintcalc/bigintcalc.sty
Package: bigintcalc 2019/12/15 v1.5 Expandable calculations on big integers (HO
)
))
\Fld@menulength=\count342
\Field@Width=\dimen301
\Fld@charsize=\dimen302
Package hyperref Info: Hyper figures OFF on input line 6430.
Package hyperref Info: Link nesting OFF on input line 6435.
Package hyperref Info: Hyper index ON on input line 6438.
Package hyperref Info: backreferencing OFF on input line 6445.
Package hyperref Info: Link coloring OFF on input line 6450.
Package hyperref Info: Link coloring with OCG OFF on input line 6455.
Package hyperref Info: PDF/A mode OFF on input line 6460.
LaTeX Info: Redefining \ref on input line 6500.
LaTeX Info: Redefining \pageref on input line 6504.

(/usr/share/texlive/texmf-dist/tex/generic/atbegshi/atbegshi.sty
Package: atbegshi 2019/12/05 v1.19 At begin shipout hook (HO)
\AtBeginShipoutBox=\box72
)
\Hy@abspage=\count343
\c@Item=\count344
\c@Hfootnote=\count345
)
Package hyperref Info: Driver (autodetected): hpdftex.

(/usr/share/texlive/texmf-dist/tex/latex/hyperref/hpdftex.def
File: hpdftex.def 2020/01/14 v7.00d Hyperref driver for pdfTeX

(/usr/share/texlive/texmf-dist/tex/latex/atveryend/atveryend.sty
Package: atveryend 2019-12-11 v1.11 Hooks at the very end of document (HO)
)
\Fld@listcount=\count346
\c@bookmark@seq@number=\count347

(/usr/share/texlive/texmf-dist/tex/latex/rerunfilecheck/rerunfilecheck.sty
Package: rerunfilecheck 2019/12/05 v1.9 Rerun checks for auxiliary files (HO)

(/usr/share/texlive/texmf-dist/tex/generic/uniquecounter/uniquecounter.sty
Package: uniquecounter 2019/12/15 v1.4 Provide unlimited unique counter (HO)
)
Package uniquecounter Info: New unique counter `rerunfilecheck' on input line 2
86.
)
\Hy@SectionHShift=\skip82
)
Package hyperref Info: Link coloring OFF on input line 195.

(/usr/share/texlive/texmf-dist/tex/latex/hyperref/nameref.sty
Package: nameref 2019/09/16 v2.46 Cross-referencing by name of section

(/usr/share/texlive/texmf-dist/tex/latex/refcount/refcount.sty
Package: refcount 2019/12/15 v3.6 Data extraction from label references (HO)
)
(/usr/share/texlive/texmf-dist/tex/generic/gettitlestring/gettitlestring.sty
Package: gettitlestring 2019/12/15 v1.6 Cleanup title references (HO)
)
\c@section@level=\count348
)
LaTeX Info: Redefining \ref on input line 195.
LaTeX Info: Redefining \pageref on input line 195.
LaTeX Info: Redefining \nameref on input line 195.

(./thesis_rafi.out) (./thesis_rafi.out)
\@outlinefile=\write6
\openout6 = `thesis_rafi.out'.

\c@mv@tabular=\count349
\c@mv@boldtabular=\count350

(/usr/share/texlive/texmf-dist/tex/context/base/mkii/supp-pdf.mkii
[Loading MPS to PDF converter (version 2006.09.02).]
\scratchcounter=\count351
\scratchdimen=\dimen303
\scratchbox=\box73
\nofMPsegments=\count352
\nofMParguments=\count353
\everyMPshowfont=\toks41
\MPscratchCnt=\count354
\MPscratchDim=\dimen304
\MPnumerator=\count355
\makeMPintoPDFobject=\count356
\everyMPtoPDFconversion=\toks42
) (/usr/share/texlive/texmf-dist/tex/latex/epstopdf-pkg/epstopdf-base.sty
Package: epstopdf-base 2020-01-24 v2.11 Base part for package epstopdf
Package epstopdf-base Info: Redefining graphics rule for `.eps' on input line 4
85.

(/usr/share/texlive/texmf-dist/tex/latex/latexconfig/epstopdf-sys.cfg
File: epstopdf-sys.cfg 2010/07/13 v1.3 Configuration of (r)epstopdf for TeX Liv
e
))
(/usr/share/texlive/texmf-dist/tex/latex/translator/translator-basic-dictionary
-English.dict
Dictionary: translator-basic-dictionary, Language: English 
)
(/usr/share/texlive/texmf-dist/tex/latex/siunitx/siunitx-abbreviations.cfg
File: siunitx-abbreviations.cfg 2017/11/26 v2.7k siunitx: Abbreviated units
)

Package chemgreek Info: Activating mapping `textgreek' on line 195.


ABD: EveryShipout initializing macros
\c@lstlisting=\count357
LaTeX Font Info:    Trying to load font information for OT1+zpltlf on input lin
e 195.

(/usr/share/texlive/texmf-dist/tex/latex/newpx/ot1zpltlf.fd
File: ot1zpltlf.fd 2015/01/17 v1.0 font definition file for OT1/zpl/tlf
)
LaTeX Font Info:    Font shape `OT1/zpltlf/m/n' will be
(Font)              scaled to size 12.0pt on input line 195.
LaTeX Font Info:    Font shape `OT1/zpltlf/m/n' will be
(Font)              scaled to size 8.8pt on input line 195.
LaTeX Font Info:    Font shape `OT1/zpltlf/m/n' will be
(Font)              scaled to size 6.6pt on input line 195.
LaTeX Font Info:    Trying to load font information for U+msa on input line 195
.

(/usr/share/texlive/texmf-dist/tex/latex/amsfonts/umsa.fd
File: umsa.fd 2013/01/14 v3.01 AMS symbols A
)
LaTeX Font Info:    Trying to load font information for U+msb on input line 195
.

(/usr/share/texlive/texmf-dist/tex/latex/amsfonts/umsb.fd
File: umsb.fd 2013/01/14 v3.01 AMS symbols B
)
LaTeX Font Info:    Trying to load font information for U+npxmia on input line 
195.

(/usr/share/texlive/texmf-dist/tex/latex/newpx/unpxmia.fd
File: unpxmia.fd 2013/03/24 Fontinst v1.933 font definitions for U/npxmia.
)
LaTeX Font Info:    Trying to load font information for U+npxsym on input line 
195.

(/usr/share/texlive/texmf-dist/tex/latex/newpx/unpxsym.fd
File: unpxsym.fd 2015/03/21 Fontinst v1.933 font definitions for U/npxsym.
)
LaTeX Font Info:    Trying to load font information for U+npxsyc on input line 
195.

(/usr/share/texlive/texmf-dist/tex/latex/newpx/unpxsyc.fd
File: unpxsyc.fd 2013/03/24 Fontinst v1.933 font definitions for U/npxsyc.
)
LaTeX Font Info:    Trying to load font information for T1+qhv on input line 19
5.

(/usr/share/texlive/texmf-dist/tex/latex/tex-gyre/t1qhv.fd
File: t1qhv.fd 2009/09/25 v1.2 font definition file for T1/qhv
)
LaTeX Font Info:    Font shape `T1/qhv/m/n' will be
(Font)              scaled to size 11.28003pt on input line 195.
LaTeX Font Info:    Font shape `T1/qhv/m/n' will be
(Font)              scaled to size 8.27202pt on input line 195.
LaTeX Font Info:    Font shape `T1/qhv/m/n' will be
(Font)              scaled to size 6.20401pt on input line 195.
LaTeX Font Info:    Trying to load font information for T1+npxtt on input line 
195.

(/usr/share/texlive/texmf-dist/tex/latex/newpx/t1npxtt.fd
File: t1npxtt.fd 2000/12/14 v1.0
)
LaTeX Font Info:    Font shape `T1/npxtt/m/n' will be
(Font)              scaled to size 12.0pt on input line 195.
LaTeX Font Info:    Font shape `T1/npxtt/m/n' will be
(Font)              scaled to size 8.8pt on input line 195.
LaTeX Font Info:    Font shape `T1/npxtt/m/n' will be
(Font)              scaled to size 6.6pt on input line 195.
 [1

{/usr/share/texlive/texmf-dist/fonts/map/pdftex/updmap/pdftex.map}]
LaTeX Font Info:    Trying to load font information for TS1+zpltlf on input lin
e 198.

(/usr/share/texlive/texmf-dist/tex/latex/newpx/ts1zpltlf.fd
File: ts1zpltlf.fd 2015/01/18 v1.0 fd file for TS1/zpltlf
)
LaTeX Font Info:    Font shape `TS1/zpltlf/m/n' will be
(Font)              scaled to size 12.0pt on input line 198.
 [1


] [2


] [3


]
LaTeX Font Info:    Font shape `T1/zpltlf/m/it' will be
(Font)              scaled to size 12.0pt on input line 209.

[4

]
LaTeX Font Info:    Font shape `T1/zpltlf/m/n' will be
(Font)              scaled to size 14.4pt on input line 213.
LaTeX Font Info:    Font shape `T1/zpltlf/b/n' will be
(Font)              scaled to size 14.4pt on input line 213.
 [2

] (./thesis_rafi.toc
LaTeX Font Info:    Font shape `T1/zpltlf/b/n' will be
(Font)              scaled to size 12.0pt on input line 1.
 [3

]
LaTeX Font Info:    Trying to load font information for LGR+zpltlf on input lin
e 51.
LaTeX Font Info:    No file LGRzpltlf.fd. on input line 51.


LaTeX Font Warning: Font shape `LGR/zpltlf/m/n' undefined
(Font)              using `LGR/cmr/m/n' instead on input line 51.

[4])
\tf@toc=\write7
\openout7 = `thesis_rafi.toc'.

 [5] (./thesis_rafi.lot [6

])
\tf@lot=\write8
\openout8 = `thesis_rafi.lot'.

 [7] (./thesis_rafi.lof [8

] [9]
LaTeX Font Info:    Font shape `T1/zpltlf/m/n' will be
(Font)              scaled to size 8.0pt on input line 45.
LaTeX Font Info:    Font shape `OT1/zpltlf/m/n' will be
(Font)              scaled to size 8.0pt on input line 45.
LaTeX Font Info:    Font shape `OT1/zpltlf/m/n' will be
(Font)              scaled to size 6.2pt on input line 45.
LaTeX Font Info:    Font shape `OT1/zpltlf/m/n' will be
(Font)              scaled to size 5.5pt on input line 45.
LaTeX Font Info:    Font shape `T1/qhv/m/n' will be
(Font)              scaled to size 7.52002pt on input line 45.
LaTeX Font Info:    Font shape `T1/qhv/m/n' will be
(Font)              scaled to size 5.828pt on input line 45.
LaTeX Font Info:    Font shape `T1/qhv/m/n' will be
(Font)              scaled to size 5.17001pt on input line 45.
LaTeX Font Info:    Font shape `T1/npxtt/m/n' will be
(Font)              scaled to size 8.0pt on input line 45.
LaTeX Font Info:    Font shape `T1/npxtt/m/n' will be
(Font)              scaled to size 6.2pt on input line 45.
LaTeX Font Info:    Font shape `T1/npxtt/m/n' will be
(Font)              scaled to size 5.5pt on input line 45.
)
\tf@lof=\write9
\openout9 = `thesis_rafi.lof'.


(./thesis_rafi.nls [10]
LaTeX Font Info:    Font shape `T1/zpltlf/m/n' will be
(Font)              scaled to size 8.8pt on input line 10.
LaTeX Font Info:    Font shape `T1/zpltlf/m/n' will be
(Font)              scaled to size 6.6pt on input line 10.
LaTeX Font Info:    Font shape `OT1/zpltlf/b/n' will be
(Font)              scaled to size 12.0pt on input line 11.
LaTeX Font Info:    Font shape `OT1/zpltlf/b/n' will be
(Font)              scaled to size 8.8pt on input line 11.
LaTeX Font Info:    Font shape `OT1/zpltlf/b/n' will be
(Font)              scaled to size 6.6pt on input line 11.
 [11

]) [12]
\openout2 = `chapters/abstract.aux'.

 (./chapters/abstract.tex) [13



]
\openout2 = `chapters/firstchapter.aux'.


(./chapters/firstchapter.tex
Chapter 1.
LaTeX Font Info:    Trying to load font information for T1+zplsups on input lin
e 7.
(/usr/share/texlive/texmf-dist/tex/latex/newpx/t1zplsups.fd
File: t1zplsups.fd 2015/01/17 v1.0
)
LaTeX Font Info:    Font shape `T1/zplsups/m/n' will be
(Font)              scaled to size 12.0pt on input line 7.
LaTeX Font Info:    Font shape `T1/zpltlf/m/n' will be
(Font)              scaled to size 10.0pt on input line 7.
LaTeX Font Info:    Font shape `T1/zplsups/m/n' will be
(Font)              scaled to size 10.0pt on input line 7.
 [1





] [2]
<images/4_image_alphs_greyscale.png, id=743, 240.4182pt x 212.9556pt>
File: images/4_image_alphs_greyscale.png Graphic file (type png)
<use images/4_image_alphs_greyscale.png>
Package pdftex.def Info: images/4_image_alphs_greyscale.png  used on input line
 26.
(pdftex.def)             Requested size: 312.54361pt x 276.84222pt.
LaTeX Font Info:    Font shape `T1/zpltlf/m/n' will be
(Font)              scaled to size 10.95pt on input line 27.
LaTeX Font Info:    Font shape `T1/zpltlf/b/n' will be
(Font)              scaled to size 10.95pt on input line 27.
 [3]
<images/u-al-phase-d.png, id=758, 140.9265pt x 110.0913pt>
File: images/u-al-phase-d.png Graphic file (type png)
<use images/u-al-phase-d.png>
Package pdftex.def Info: images/u-al-phase-d.png  used on input line 38.
(pdftex.def)             Requested size: 343.28249pt x 268.20738pt.
LaTeX Font Info:    Font shape `TS1/zpltlf/m/n' will be
(Font)              scaled to size 10.95pt on input line 39.

[4 <./images/4_image_alphs_greyscale.png>] [5 <./images/u-al-phase-d.png>]
Package epstopdf Info: Source file: <images/u-mo-phase-diagram.eps>
(epstopdf)                    date: 2021-03-05 11:46:32
(epstopdf)                    size: 183962 bytes
(epstopdf)             Output file: <images/u-mo-phase-diagram-eps-converted-to
.pdf>
(epstopdf)                    date: 2021-03-05 11:54:48
(epstopdf)                    size: 48507 bytes
(epstopdf)             Command: <repstopdf --outfile=images/u-mo-phase-diagram-
eps-converted-to.pdf images/u-mo-phase-diagram.eps>
(epstopdf)             \includegraphics on input line 54.
Package epstopdf Info: Output file is already uptodate.
<images/u-mo-phase-diagram-eps-converted-to.pdf, id=792, 143.53625pt x 112.42pt
>
File: images/u-mo-phase-diagram-eps-converted-to.pdf Graphic file (type pdf)
<use images/u-mo-phase-diagram-eps-converted-to.pdf>
Package pdftex.def Info: images/u-mo-phase-diagram-eps-converted-to.pdf  used o
n input line 54.
(pdftex.def)             Requested size: 343.28249pt x 268.87175pt.

[6 <./images/u-mo-phase-diagram-eps-converted-to.pdf>]
LaTeX Font Info:    Font shape `T1/zpltlf/m/it' will be
(Font)              scaled to size 10.0pt on input line 67.
 [7] [8]
(./chapters/firstchapter.bbl [9] [10]
Overfull \hbox (12.69006pt too wide) in paragraph at lines 347--354
[]\T1/zpltlf/m/n/12 H. A. Saller, F. Rough, and A. Bauer, []\T1/zpltlf/m/it/12 
Trans-for-ma-tion Ki-net-ics of Uranium-Molybdenum
 []

[11])) [12]
\openout2 = `chapters/background.aux'.

 (./chapters/background.tex
Chapter 2.
LaTeX Font Info:    Font shape `OT1/zpltlf/m/n' will be
(Font)              scaled to size 10.0pt on input line 14.
LaTeX Font Info:    Font shape `OT1/zpltlf/m/n' will be
(Font)              scaled to size 7.3pt on input line 14.
LaTeX Font Info:    Font shape `OT1/zpltlf/b/n' will be
(Font)              scaled to size 10.0pt on input line 14.
LaTeX Font Info:    Font shape `OT1/zpltlf/b/n' will be
(Font)              scaled to size 7.3pt on input line 14.
LaTeX Font Info:    Font shape `OT1/zpltlf/b/n' will be
(Font)              scaled to size 5.5pt on input line 14.
LaTeX Font Info:    Font shape `T1/qhv/m/n' will be
(Font)              scaled to size 9.40002pt on input line 14.
LaTeX Font Info:    Font shape `T1/qhv/m/n' will be
(Font)              scaled to size 6.86201pt on input line 14.
LaTeX Font Info:    Font shape `T1/npxtt/m/n' will be
(Font)              scaled to size 10.0pt on input line 14.
LaTeX Font Info:    Font shape `T1/npxtt/m/n' will be
(Font)              scaled to size 7.3pt on input line 14.
[13




] [14] [15] [16] [17] [18] [19] [20] [21] [22] [23] [24] [25] [26]
Package epstopdf Info: Source file: <images/radialdistfuncS.eps>
(epstopdf)                    date: 2021-03-08 16:03:49
(epstopdf)                    size: 35400 bytes
(epstopdf)             Output file: <images/radialdistfuncS-eps-converted-to.pd
f>
(epstopdf)                    date: 2021-03-08 16:03:57
(epstopdf)                    size: 10280 bytes
(epstopdf)             Command: <repstopdf --outfile=images/radialdistfuncS-eps
-converted-to.pdf images/radialdistfuncS.eps>
(epstopdf)             \includegraphics on input line 289.
Package epstopdf Info: Output file is already uptodate.
<images/radialdistfuncS-eps-converted-to.pdf, id=1057, 361.35pt x 252.945pt>
File: images/radialdistfuncS-eps-converted-to.pdf Graphic file (type pdf)
<use images/radialdistfuncS-eps-converted-to.pdf>
Package pdftex.def Info: images/radialdistfuncS-eps-converted-to.pdf  used on i
nput line 289.
(pdftex.def)             Requested size: 289.0804pt x 202.35626pt.
<images/pseudo_figure_01.png, id=1059, 220.825pt x 360.34625pt>
File: images/pseudo_figure_01.png Graphic file (type png)
<use images/pseudo_figure_01.png>
Package pdftex.def Info: images/pseudo_figure_01.png  used on input line 296.
(pdftex.def)             Requested size: 176.66022pt x 288.27739pt.
 [27]
[28 <./images/radialdistfuncS-eps-converted-to.pdf> <./images/pseudo_figure_01.
png>] [29] [30] [31] [32] Excluding 'comment' comment. [33]
(./chapters/background.bbl)) [34]
\openout2 = `chapters/01xenontherm.aux'.

 (./chapters/01xenontherm.tex
Chapter 3.
[35




] [36] [37] [38]
Package epstopdf Info: Source file: <images/meshed_figure_GBS_gray.eps>
(epstopdf)                    date: 2021-03-14 15:10:57
(epstopdf)                    size: 232224 bytes
(epstopdf)             Output file: <images/meshed_figure_GBS_gray-eps-converte
d-to.pdf>
(epstopdf)                    date: 2021-03-14 15:11:09
(epstopdf)                    size: 50934 bytes
(epstopdf)             Command: <repstopdf --outfile=images/meshed_figure_GBS_g
ray-eps-converted-to.pdf images/meshed_figure_GBS_gray.eps>
(epstopdf)             \includegraphics on input line 62.
Package epstopdf Info: Output file is already uptodate.
<images/meshed_figure_GBS_gray-eps-converted-to.pdf, id=1231, 615.29875pt x 468
.75125pt>
File: images/meshed_figure_GBS_gray-eps-converted-to.pdf Graphic file (type pdf
)
<use images/meshed_figure_GBS_gray-eps-converted-to.pdf>
Package pdftex.def Info: images/meshed_figure_GBS_gray-eps-converted-to.pdf  us
ed on input line 62.
(pdftex.def)             Requested size: 234.87749pt x 178.93556pt.
<images/figure_GBS_fcc_2_gray.pdf, id=1232, 185.0112pt x 186.45659pt>
File: images/figure_GBS_fcc_2_gray.pdf Graphic file (type pdf)
<use images/figure_GBS_fcc_2_gray.pdf>
Package pdftex.def Info: images/figure_GBS_fcc_2_gray.pdf  used on input line 6
4.
(pdftex.def)             Requested size: 234.87749pt x 236.7261pt.
 [39] [40 <./images/meshed_figure_GBS_gray-eps-converted-to.pdf> <./images/figu
re_GBS_fcc_2_gray.pdf>]
<images/grain_boundary_U-10Mo_white_BG.png, id=1261, 438.6789pt x 527.0892pt>
File: images/grain_boundary_U-10Mo_white_BG.png Graphic file (type png)
<use images/grain_boundary_U-10Mo_white_BG.png>
Package pdftex.def Info: images/grain_boundary_U-10Mo_white_BG.png  used on inp
ut line 82.
(pdftex.def)             Requested size: 256.0748pt x 307.6985pt.
LaTeX Font Info:    Font shape `T1/zpltlf/m/it' will be
(Font)              scaled to size 10.95pt on input line 83.
Package epstopdf Info: Source file: <images/Xe_K_eps_rotate.eps>
(epstopdf)                    date: 2021-03-19 15:21:21
(epstopdf)                    size: 26870 bytes
(epstopdf)             Output file: <images/Xe_K_eps_rotate-eps-converted-to.pd
f>
(epstopdf)                    date: 2021-03-19 15:21:29
(epstopdf)                    size: 14306 bytes
(epstopdf)             Command: <repstopdf --outfile=images/Xe_K_eps_rotate-eps
-converted-to.pdf images/Xe_K_eps_rotate.eps>
(epstopdf)             \includegraphics on input line 88.
Package epstopdf Info: Output file is already uptodate.
<images/Xe_K_eps_rotate-eps-converted-to.pdf, id=1264, 361.35pt x 252.945pt>
File: images/Xe_K_eps_rotate-eps-converted-to.pdf Graphic file (type pdf)
<use images/Xe_K_eps_rotate-eps-converted-to.pdf>
Package pdftex.def Info: images/Xe_K_eps_rotate-eps-converted-to.pdf  used on i
nput line 88.
(pdftex.def)             Requested size: 312.9803pt x 219.08774pt.
Package epstopdf Info: Source file: <images/krypton_xenon_compare.eps>
(epstopdf)                    date: 2021-05-03 17:59:27
(epstopdf)                    size: 31059 bytes
(epstopdf)             Output file: <images/krypton_xenon_compare-eps-converted
-to.pdf>
(epstopdf)                    date: 2021-05-03 17:59:36
(epstopdf)                    size: 12688 bytes
(epstopdf)             Command: <repstopdf --outfile=images/krypton_xenon_compa
re-eps-converted-to.pdf images/krypton_xenon_compare.eps>
(epstopdf)             \includegraphics on input line 89.
Package epstopdf Info: Output file is already uptodate.
<images/krypton_xenon_compare-eps-converted-to.pdf, id=1265, 361.35pt x 252.945
pt>
File: images/krypton_xenon_compare-eps-converted-to.pdf Graphic file (type pdf)

<use images/krypton_xenon_compare-eps-converted-to.pdf>
Package pdftex.def Info: images/krypton_xenon_compare-eps-converted-to.pdf  use
d on input line 89.
(pdftex.def)             Requested size: 312.9803pt x 219.08774pt.
 [41 <./images/grain_boundary_U-10Mo_white_BG.png>] [42 <./images/Xe_K_eps_rota
te-eps-converted-to.pdf> <./images/krypton_xenon_compare-eps-converted-to.pdf>]
 [43] [44]
Package epstopdf Info: Source file: <images/result_eps_rotate_bold.eps>
(epstopdf)                    date: 2020-09-07 16:47:53
(epstopdf)                    size: 23998 bytes
(epstopdf)             Output file: <images/result_eps_rotate_bold-eps-converte
d-to.pdf>
(epstopdf)                    date: 2020-09-07 16:47:54
(epstopdf)                    size: 10155 bytes
(epstopdf)             Command: <repstopdf --outfile=images/result_eps_rotate_b
old-eps-converted-to.pdf images/result_eps_rotate_bold.eps>
(epstopdf)             \includegraphics on input line 163.
Package epstopdf Info: Output file is already uptodate.


pdfTeX warning: pdflatex (file ./images/result_eps_rotate_bold-eps-converted-to
.pdf): PDF inclusion: found PDF version <1.7>, but at most version <1.5> allowe
d
<images/result_eps_rotate_bold-eps-converted-to.pdf, id=1331, 361.35pt x 252.94
5pt>
File: images/result_eps_rotate_bold-eps-converted-to.pdf Graphic file (type pdf
)
<use images/result_eps_rotate_bold-eps-converted-to.pdf>
Package pdftex.def Info: images/result_eps_rotate_bold-eps-converted-to.pdf  us
ed on input line 163.
(pdftex.def)             Requested size: 312.9803pt x 219.08774pt.
[45 <./images/result_eps_rotate_bold-eps-converted-to.pdf>]
Package epstopdf Info: Source file: <images/theory_compare_eps_rotate_bold.eps>

(epstopdf)                    date: 2020-09-07 16:47:53
(epstopdf)                    size: 23005 bytes
(epstopdf)             Output file: <images/theory_compare_eps_rotate_bold-eps-
converted-to.pdf>
(epstopdf)                    date: 2020-09-07 16:47:53
(epstopdf)                    size: 9313 bytes
(epstopdf)             Command: <repstopdf --outfile=images/theory_compare_eps_
rotate_bold-eps-converted-to.pdf images/theory_compare_eps_rotate_bold.eps>
(epstopdf)             \includegraphics on input line 195.
Package epstopdf Info: Output file is already uptodate.


pdfTeX warning: pdflatex (file ./images/theory_compare_eps_rotate_bold-eps-conv
erted-to.pdf): PDF inclusion: found PDF version <1.7>, but at most version <1.5
> allowed
<images/theory_compare_eps_rotate_bold-eps-converted-to.pdf, id=1354, 361.35pt 
x 252.945pt>
File: images/theory_compare_eps_rotate_bold-eps-converted-to.pdf Graphic file (
type pdf)
<use images/theory_compare_eps_rotate_bold-eps-converted-to.pdf>
Package pdftex.def Info: images/theory_compare_eps_rotate_bold-eps-converted-to
.pdf  used on input line 195.
(pdftex.def)             Requested size: 312.9803pt x 219.08774pt.
LaTeX Font Info:    Font shape `OT1/zpltlf/m/n' will be
(Font)              scaled to size 10.95pt on input line 198.
LaTeX Font Info:    Font shape `OT1/zpltlf/m/n' will be
(Font)              scaled to size 6.1pt on input line 198.
LaTeX Font Info:    Font shape `OT1/zpltlf/b/n' will be
(Font)              scaled to size 10.95pt on input line 198.
LaTeX Font Info:    Font shape `OT1/zpltlf/b/n' will be
(Font)              scaled to size 8.0pt on input line 198.
LaTeX Font Info:    Font shape `OT1/zpltlf/b/n' will be
(Font)              scaled to size 6.1pt on input line 198.
LaTeX Font Info:    Font shape `T1/qhv/m/n' will be
(Font)              scaled to size 10.29301pt on input line 198.
LaTeX Font Info:    Font shape `T1/qhv/m/n' will be
(Font)              scaled to size 5.73401pt on input line 198.
LaTeX Font Info:    Font shape `T1/npxtt/m/n' will be
(Font)              scaled to size 10.95pt on input line 198.
LaTeX Font Info:    Font shape `T1/npxtt/m/n' will be
(Font)              scaled to size 6.1pt on input line 198.
[46] [47 <./images/theory_compare_eps_rotate_bold-eps-converted-to.pdf>]
Package epstopdf Info: Source file: <images/result_Xe_GB_eps_rot_bold.eps>
(epstopdf)                    date: 2020-09-07 16:47:53
(epstopdf)                    size: 22487 bytes
(epstopdf)             Output file: <images/result_Xe_GB_eps_rot_bold-eps-conve
rted-to.pdf>
(epstopdf)                    date: 2020-09-07 16:47:53
(epstopdf)                    size: 7975 bytes
(epstopdf)             Command: <repstopdf --outfile=images/result_Xe_GB_eps_ro
t_bold-eps-converted-to.pdf images/result_Xe_GB_eps_rot_bold.eps>
(epstopdf)             \includegraphics on input line 231.
Package epstopdf Info: Output file is already uptodate.


pdfTeX warning: pdflatex (file ./images/result_Xe_GB_eps_rot_bold-eps-converted
-to.pdf): PDF inclusion: found PDF version <1.7>, but at most version <1.5> all
owed
<images/result_Xe_GB_eps_rot_bold-eps-converted-to.pdf, id=1386, 361.35pt x 252
.945pt>
File: images/result_Xe_GB_eps_rot_bold-eps-converted-to.pdf Graphic file (type 
pdf)
<use images/result_Xe_GB_eps_rot_bold-eps-converted-to.pdf>
Package pdftex.def Info: images/result_Xe_GB_eps_rot_bold-eps-converted-to.pdf 
 used on input line 231.
(pdftex.def)             Requested size: 312.9803pt x 219.08774pt.
[48 <./images/result_Xe_GB_eps_rot_bold-eps-converted-to.pdf>]
Package epstopdf Info: Source file: <images/press_eff_k_rotate_bold.eps>
(epstopdf)                    date: 2021-04-09 14:38:04
(epstopdf)                    size: 23998 bytes
(epstopdf)             Output file: <images/press_eff_k_rotate_bold-eps-convert
ed-to.pdf>
(epstopdf)                    date: 2021-04-09 14:38:21
(epstopdf)                    size: 10333 bytes
(epstopdf)             Command: <repstopdf --outfile=images/press_eff_k_rotate_
bold-eps-converted-to.pdf images/press_eff_k_rotate_bold.eps>
(epstopdf)             \includegraphics on input line 258.
Package epstopdf Info: Output file is already uptodate.
<images/press_eff_k_rotate_bold-eps-converted-to.pdf, id=1406, 361.35pt x 252.9
45pt>
File: images/press_eff_k_rotate_bold-eps-converted-to.pdf Graphic file (type pd
f)
<use images/press_eff_k_rotate_bold-eps-converted-to.pdf>
Package pdftex.def Info: images/press_eff_k_rotate_bold-eps-converted-to.pdf  u
sed on input line 258.
(pdftex.def)             Requested size: 284.52756pt x 199.17207pt.
 [49]
Package epstopdf Info: Source file: <images/2x2_abcd_gray.eps>
(epstopdf)                    date: 2021-03-14 15:39:03
(epstopdf)                    size: 1693802 bytes
(epstopdf)             Output file: <images/2x2_abcd_gray-eps-converted-to.pdf>

(epstopdf)                    date: 2021-03-14 15:39:17
(epstopdf)                    size: 1031661 bytes
(epstopdf)             Command: <repstopdf --outfile=images/2x2_abcd_gray-eps-c
onverted-to.pdf images/2x2_abcd_gray.eps>
(epstopdf)             \includegraphics on input line 282.
Package epstopdf Info: Output file is already uptodate.
<images/2x2_abcd_gray-eps-converted-to.pdf, id=1420, 894.34125pt x 926.46124pt>

File: images/2x2_abcd_gray-eps-converted-to.pdf Graphic file (type pdf)
<use images/2x2_abcd_gray-eps-converted-to.pdf>
Package pdftex.def Info: images/2x2_abcd_gray-eps-converted-to.pdf  used on inp
ut line 282.
(pdftex.def)             Requested size: 312.9803pt x 324.22388pt.
Package epstopdf Info: Source file: <images/result_area_compare_eps_bold_rotate
.eps>
(epstopdf)                    date: 2020-09-07 16:47:53
(epstopdf)                    size: 23441 bytes
(epstopdf)             Output file: <images/result_area_compare_eps_bold_rotate
-eps-converted-to.pdf>
(epstopdf)                    date: 2020-09-07 16:47:53
(epstopdf)                    size: 9733 bytes
(epstopdf)             Command: <repstopdf --outfile=images/result_area_compare
_eps_bold_rotate-eps-converted-to.pdf images/result_area_compare_eps_bold_rotat
e.eps>
(epstopdf)             \includegraphics on input line 294.
Package epstopdf Info: Output file is already uptodate.


pdfTeX warning: pdflatex (file ./images/result_area_compare_eps_bold_rotate-eps
-converted-to.pdf): PDF inclusion: found PDF version <1.7>, but at most version
 <1.5> allowed
<images/result_area_compare_eps_bold_rotate-eps-converted-to.pdf, id=1421, 361.
35pt x 252.945pt>
File: images/result_area_compare_eps_bold_rotate-eps-converted-to.pdf Graphic f
ile (type pdf)
<use images/result_area_compare_eps_bold_rotate-eps-converted-to.pdf>
Package pdftex.def Info: images/result_area_compare_eps_bold_rotate-eps-convert
ed-to.pdf  used on input line 294.
(pdftex.def)             Requested size: 312.9803pt x 219.08774pt.
[50 <./images/press_eff_k_rotate_bold-eps-converted-to.pdf>] [51 <./images/2x2_
abcd_gray-eps-converted-to.pdf>]
Package epstopdf Info: Source file: <images/same_area_four_figure_gray.eps>
(epstopdf)                    date: 2021-03-14 15:40:59
(epstopdf)                    size: 1778340 bytes
(epstopdf)             Output file: <images/same_area_four_figure_gray-eps-conv
erted-to.pdf>
(epstopdf)                    date: 2021-03-14 15:41:12
(epstopdf)                    size: 1475065 bytes
(epstopdf)             Command: <repstopdf --outfile=images/same_area_four_figu
re_gray-eps-converted-to.pdf images/same_area_four_figure_gray.eps>
(epstopdf)             \includegraphics on input line 309.
Package epstopdf Info: Output file is already uptodate.
<images/same_area_four_figure_gray-eps-converted-to.pdf, id=1441, 1206.5075pt x
 1206.5075pt>
File: images/same_area_four_figure_gray-eps-converted-to.pdf Graphic file (type
 pdf)
<use images/same_area_four_figure_gray-eps-converted-to.pdf>
Package pdftex.def Info: images/same_area_four_figure_gray-eps-converted-to.pdf
  used on input line 309.
(pdftex.def)             Requested size: 312.9803pt x 312.96657pt.
Package epstopdf Info: Source file: <images/area_same_result.eps>
(epstopdf)                    date: 2020-09-07 16:47:53
(epstopdf)                    size: 23533 bytes
(epstopdf)             Output file: <images/area_same_result-eps-converted-to.p
df>
(epstopdf)                    date: 2020-09-07 16:47:53
(epstopdf)                    size: 9634 bytes
(epstopdf)             Command: <repstopdf --outfile=images/area_same_result-ep
s-converted-to.pdf images/area_same_result.eps>
(epstopdf)             \includegraphics on input line 317.
Package epstopdf Info: Output file is already uptodate.


pdfTeX warning: pdflatex (file ./images/area_same_result-eps-converted-to.pdf):
 PDF inclusion: found PDF version <1.7>, but at most version <1.5> allowed
<images/area_same_result-eps-converted-to.pdf, id=1442, 361.35pt x 252.945pt>
File: images/area_same_result-eps-converted-to.pdf Graphic file (type pdf)
<use images/area_same_result-eps-converted-to.pdf>
Package pdftex.def Info: images/area_same_result-eps-converted-to.pdf  used on 
input line 317.
(pdftex.def)             Requested size: 312.9803pt x 219.08774pt.
[52 <./images/result_area_compare_eps_bold_rotate-eps-converted-to.pdf>]
[53 <./images/same_area_four_figure_gray-eps-converted-to.pdf>] [54 <./images/a
rea_same_result-eps-converted-to.pdf>] (./chapters/01xenontherm.bbl [55]
[56] [57] [58])) [59]
\openout2 = `chapters/pseudoUranium.aux'.

 (./chapters/pseudoUranium.tex
Chapter 4.
[60




]
LaTeX Font Info:    Font shape `T1/zpltlf/m/sc' will be
(Font)              scaled to size 12.0pt on input line 95.
 [61] [62] [63] [64]
<images/vol_en_u.png, id=1652, 702.625pt x 652.4375pt>
File: images/vol_en_u.png Graphic file (type png)
<use images/vol_en_u.png>
Package pdftex.def Info: images/vol_en_u.png  used on input line 217.
(pdftex.def)             Requested size: 310.76122pt x 288.56668pt.


LaTeX Font Warning: Font shape `LGR/zpltlf/b/n' undefined
(Font)              using `LGR/zpltlf/m/n' instead on input line 226.


Package hyperref Warning: Token not allowed in a PDF string (PDFDocEncoding):
(hyperref)                removing `\<def>-command' on input line 226.


Package hyperref Warning: Token not allowed in a PDF string (PDFDocEncoding):
(hyperref)                removing `\fontaxes@edoc' on input line 226.


Package hyperref Warning: Token not allowed in a PDF string (PDFDocEncoding):
(hyperref)                removing `\<let>-command' on input line 226.


Package hyperref Warning: Token not allowed in a PDF string (PDFDocEncoding):
(hyperref)                removing `\fontaxes@last@\math@version' on input line
 226.


Package hyperref Warning: Token not allowed in a PDF string (PDFDocEncoding):
(hyperref)                removing `\<def>-command' on input line 226.


Package hyperref Warning: Token not allowed in a PDF string (PDFDocEncoding):
(hyperref)                removing `\fontaxes@math@weight' on input line 226.


Package hyperref Warning: Token not allowed in a PDF string (PDFDocEncoding):
(hyperref)                removing `\<def>-command' on input line 226.


Package hyperref Warning: Token not allowed in a PDF string (PDFDocEncoding):
(hyperref)                removing `\fontaxes@code' on input line 226.


Package hyperref Warning: Token not allowed in a PDF string (PDFDocEncoding):
(hyperref)                removing `\<let>-command' on input line 226.


Package hyperref Warning: Token not allowed in a PDF string (PDFDocEncoding):
(hyperref)                removing `\fontaxes@last@\math@version' on input line
 226.


Package hyperref Warning: Glyph not defined in PD1 encoding,
(hyperref)                removing `\textalpha' on input line 226.

[65] [66 <./images/vol_en_u.png>]
Package epstopdf Info: Source file: <images/twoPlots_alphaU.eps>
(epstopdf)                    date: 2020-09-07 16:47:53
(epstopdf)                    size: 27479 bytes
(epstopdf)             Output file: <images/twoPlots_alphaU-eps-converted-to.pd
f>
(epstopdf)                    date: 2020-09-07 16:47:53
(epstopdf)                    size: 11424 bytes
(epstopdf)             Command: <repstopdf --outfile=images/twoPlots_alphaU-eps
-converted-to.pdf images/twoPlots_alphaU.eps>
(epstopdf)             \includegraphics on input line 276.
Package epstopdf Info: Output file is already uptodate.


pdfTeX warning: pdflatex (file ./images/twoPlots_alphaU-eps-converted-to.pdf): 
PDF inclusion: found PDF version <1.7>, but at most version <1.5> allowed
<images/twoPlots_alphaU-eps-converted-to.pdf, id=1681, 216.81pt x 310.15875pt>
File: images/twoPlots_alphaU-eps-converted-to.pdf Graphic file (type pdf)
<use images/twoPlots_alphaU-eps-converted-to.pdf>
Package pdftex.def Info: images/twoPlots_alphaU-eps-converted-to.pdf  used on i
nput line 276.
(pdftex.def)             Requested size: 307.14749pt x 439.4441pt.

Package hyperref Warning: Glyph not defined in PD1 encoding,
(hyperref)                removing `\textgamma' on input line 340.

[67] [68 <./images/twoPlots_alphaU-eps-converted-to.pdf>] [69] [70] [71]
Overfull \hbox (5.092pt too wide) in paragraph at lines 420--436
[][] 
 []

[72] [73]
Package epstopdf Info: Source file: <images/total_DOS_allU.eps>
(epstopdf)                    date: 2021-05-03 16:35:02
(epstopdf)                    size: 34369 bytes
(epstopdf)             Output file: <images/total_DOS_allU-eps-converted-to.pdf
>
(epstopdf)                    date: 2021-05-03 16:35:26
(epstopdf)                    size: 11294 bytes
(epstopdf)             Command: <repstopdf --outfile=images/total_DOS_allU-eps-
converted-to.pdf images/total_DOS_allU.eps>
(epstopdf)             \includegraphics on input line 512.
Package epstopdf Info: Output file is already uptodate.
<images/total_DOS_allU-eps-converted-to.pdf, id=1836, 350.30875pt x 388.45125pt
>
File: images/total_DOS_allU-eps-converted-to.pdf Graphic file (type pdf)
<use images/total_DOS_allU-eps-converted-to.pdf>
Package pdftex.def Info: images/total_DOS_allU-eps-converted-to.pdf  used on in
put line 512.
(pdftex.def)             Requested size: 346.89621pt x 384.69238pt.
Package epstopdf Info: Source file: <images/spdf_orbital.eps>
(epstopdf)                    date: 2020-09-07 16:47:53
(epstopdf)                    size: 43468 bytes
(epstopdf)             Output file: <images/spdf_orbital-eps-converted-to.pdf>
(epstopdf)                    date: 2020-09-07 16:47:54
(epstopdf)                    size: 15106 bytes
(epstopdf)             Command: <repstopdf --outfile=images/spdf_orbital-eps-co
nverted-to.pdf images/spdf_orbital.eps>
(epstopdf)             \includegraphics on input line 520.
Package epstopdf Info: Output file is already uptodate.


pdfTeX warning: pdflatex (file ./images/spdf_orbital-eps-converted-to.pdf): PDF
 inclusion: found PDF version <1.7>, but at most version <1.5> allowed
<images/spdf_orbital-eps-converted-to.pdf, id=1837, 350.30875pt x 433.62pt>
File: images/spdf_orbital-eps-converted-to.pdf Graphic file (type pdf)
<use images/spdf_orbital-eps-converted-to.pdf>
Package pdftex.def Info: images/spdf_orbital-eps-converted-to.pdf  used on inpu
t line 520.
(pdftex.def)             Requested size: 346.89621pt x 429.42407pt.
[74 <./images/total_DOS_allU-eps-converted-to.pdf>] [75 <./images/spdf_orbital-
eps-converted-to.pdf>] [76] [77] [78]

Package hyperref Warning: Glyph not defined in PD1 encoding,
(hyperref)                removing `\textalpha' on input line 607.

[79] [80]
Package epstopdf Info: Source file: <images/d123_alphaU.eps>
(epstopdf)                    date: 2021-03-19 15:01:37
(epstopdf)                    size: 37546 bytes
(epstopdf)             Output file: <images/d123_alphaU-eps-converted-to.pdf>
(epstopdf)                    date: 2021-03-19 15:01:48
(epstopdf)                    size: 9223 bytes
(epstopdf)             Command: <repstopdf --outfile=images/d123_alphaU-eps-con
verted-to.pdf images/d123_alphaU.eps>
(epstopdf)             \includegraphics on input line 722.
Package epstopdf Info: Output file is already uptodate.
<images/d123_alphaU-eps-converted-to.pdf, id=1910, 289.08pt x 388.45125pt>
File: images/d123_alphaU-eps-converted-to.pdf Graphic file (type pdf)
<use images/d123_alphaU-eps-converted-to.pdf>
Package pdftex.def Info: images/d123_alphaU-eps-converted-to.pdf  used on input
 line 722.
(pdftex.def)             Requested size: 289.07928pt x 388.45029pt.
 [81]
Package epstopdf Info: Source file: <images/d456_alphaU.eps>
(epstopdf)                    date: 2021-03-19 15:03:59
(epstopdf)                    size: 38151 bytes
(epstopdf)             Output file: <images/d456_alphaU-eps-converted-to.pdf>
(epstopdf)                    date: 2021-03-19 15:08:29
(epstopdf)                    size: 9226 bytes
(epstopdf)             Command: <repstopdf --outfile=images/d456_alphaU-eps-con
verted-to.pdf images/d456_alphaU.eps>
(epstopdf)             \includegraphics on input line 729.
Package epstopdf Info: Output file is already uptodate.
<images/d456_alphaU-eps-converted-to.pdf, id=1925, 289.08pt x 388.45125pt>
File: images/d456_alphaU-eps-converted-to.pdf Graphic file (type pdf)
<use images/d456_alphaU-eps-converted-to.pdf>
Package pdftex.def Info: images/d456_alphaU-eps-converted-to.pdf  used on input
 line 729.
(pdftex.def)             Requested size: 289.07928pt x 388.45029pt.
Package epstopdf Info: Source file: <images/d789_alphaU.eps>
(epstopdf)                    date: 2021-03-19 15:08:17
(epstopdf)                    size: 36718 bytes
(epstopdf)             Output file: <images/d789_alphaU-eps-converted-to.pdf>
(epstopdf)                    date: 2021-03-19 15:08:30
(epstopdf)                    size: 9275 bytes
(epstopdf)             Command: <repstopdf --outfile=images/d789_alphaU-eps-con
verted-to.pdf images/d789_alphaU.eps>
(epstopdf)             \includegraphics on input line 736.
Package epstopdf Info: Output file is already uptodate.
<images/d789_alphaU-eps-converted-to.pdf, id=1932, 289.08pt x 388.45125pt>
File: images/d789_alphaU-eps-converted-to.pdf Graphic file (type pdf)
<use images/d789_alphaU-eps-converted-to.pdf>
Package pdftex.def Info: images/d789_alphaU-eps-converted-to.pdf  used on input
 line 736.
(pdftex.def)             Requested size: 289.07928pt x 388.45029pt.
 [82 <./images/d123_alphaU-eps-converted-to.pdf>] [83 <./images/d456_alphaU-eps
-converted-to.pdf>] [84 <./images/d789_alphaU-eps-converted-to.pdf>]

Package hyperref Warning: Glyph not defined in PD1 encoding,
(hyperref)                removing `\textgamma' on input line 742.

Package epstopdf Info: Source file: <images/figure_bulk.eps>
(epstopdf)                    date: 2021-02-22 16:35:30
(epstopdf)                    size: 30406 bytes
(epstopdf)             Output file: <images/figure_bulk-eps-converted-to.pdf>
(epstopdf)                    date: 2021-02-22 16:39:44
(epstopdf)                    size: 12747 bytes
(epstopdf)             Command: <repstopdf --outfile=images/figure_bulk-eps-con
verted-to.pdf images/figure_bulk.eps>
(epstopdf)             \includegraphics on input line 782.
Package epstopdf Info: Output file is already uptodate.
<images/figure_bulk-eps-converted-to.pdf, id=1988, 241.90375pt x 310.15875pt>
File: images/figure_bulk-eps-converted-to.pdf Graphic file (type pdf)
<use images/figure_bulk-eps-converted-to.pdf>
Package pdftex.def Info: images/figure_bulk-eps-converted-to.pdf  used on input
 line 782.
(pdftex.def)             Requested size: 307.14749pt x 393.85464pt.
Package epstopdf Info: Source file: <images/figure_mono.eps>
(epstopdf)                    date: 2021-02-22 16:35:36
(epstopdf)                    size: 28533 bytes
(epstopdf)             Output file: <images/figure_mono-eps-converted-to.pdf>
(epstopdf)                    date: 2021-02-22 16:39:45
(epstopdf)                    size: 10825 bytes
(epstopdf)             Command: <repstopdf --outfile=images/figure_mono-eps-con
verted-to.pdf images/figure_mono.eps>
(epstopdf)             \includegraphics on input line 791.
Package epstopdf Info: Output file is already uptodate.
<images/figure_mono-eps-converted-to.pdf, id=1997, 241.90375pt x 310.15875pt>
File: images/figure_mono-eps-converted-to.pdf Graphic file (type pdf)
<use images/figure_mono-eps-converted-to.pdf>
Package pdftex.def Info: images/figure_mono-eps-converted-to.pdf  used on input
 line 791.
(pdftex.def)             Requested size: 307.14749pt x 393.85464pt.
Package epstopdf Info: Source file: <images/figure_ortho.eps>
(epstopdf)                    date: 2021-05-03 12:46:54
(epstopdf)                    size: 30140 bytes
(epstopdf)             Output file: <images/figure_ortho-eps-converted-to.pdf>
(epstopdf)                    date: 2021-05-03 12:47:01
(epstopdf)                    size: 10559 bytes
(epstopdf)             Command: <repstopdf --outfile=images/figure_ortho-eps-co
nverted-to.pdf images/figure_ortho.eps>
(epstopdf)             \includegraphics on input line 798.
Package epstopdf Info: Output file is already uptodate.
<images/figure_ortho-eps-converted-to.pdf, id=2006, 241.90375pt x 310.15875pt>
File: images/figure_ortho-eps-converted-to.pdf Graphic file (type pdf)
<use images/figure_ortho-eps-converted-to.pdf>
Package pdftex.def Info: images/figure_ortho-eps-converted-to.pdf  used on inpu
t line 798.
(pdftex.def)             Requested size: 307.14749pt x 393.85464pt.
[85

] [86 <./images/figure_bulk-eps-converted-to.pdf>] [87 <./images/figure_mono-ep
s-converted-to.pdf>] [88 <./images/figure_ortho-eps-converted-to.pdf>]
(./chapters/pseudoUranium.bbl [89

]
Overfull \hbox (3.64197pt too wide) in paragraph at lines 344--351
[]\T1/zpltlf/m/n/12 P. Gi-an-nozzi, S. Ba-roni, N. Bonini, M. Ca-lan-dra, R. Ca
r, C. Cavaz-zoni, D. Ceresoli,
 []

[90])) [91]
\openout2 = `chapters/u-mo-xe.aux'.

 (./chapters/u-mo-xe.tex
Chapter 5.
[92




]
Overfull \hbox (4.77573pt too wide) in paragraph at lines 28--49
[]\T1/zpltlf/m/n/12 The [] al-lotrope (which is body-centered cu-bic) is pre-fe
rred to []
 []

[93] [94] [95] [96] [97] [98] [99] [100] [101]
LaTeX Font Info:    Font shape `T1/zpltlf/m/n' will be
(Font)              scaled to size 7.3pt on input line 428.
LaTeX Font Info:    Font shape `T1/zpltlf/m/it' will be
(Font)              scaled to size 7.3pt on input line 428.

Overfull \hbox (2.22153pt too wide) in paragraph at lines 424--458
[][] 
 []

[102]
Package epstopdf Info: Source file: <images/image01.eps>
(epstopdf)                    date: 2021-01-31 14:13:40
(epstopdf)                    size: 51295 bytes
(epstopdf)             Output file: <images/image01-eps-converted-to.pdf>
(epstopdf)                    date: 2021-01-31 14:16:31
(epstopdf)                    size: 18030 bytes
(epstopdf)             Command: <repstopdf --outfile=images/image01-eps-convert
ed-to.pdf images/image01.eps>
(epstopdf)             \includegraphics on input line 505.
Package epstopdf Info: Output file is already uptodate.
<images/image01-eps-converted-to.pdf, id=2339, 416.55624pt x 203.76125pt>
File: images/image01-eps-converted-to.pdf Graphic file (type pdf)
<use images/image01-eps-converted-to.pdf>
Package pdftex.def Info: images/image01-eps-converted-to.pdf  used on input lin
e 505.
(pdftex.def)             Requested size: 249.93567pt x 122.25768pt.
 [103]
Package epstopdf Info: Source file: <images/2mo-1xe.eps>
(epstopdf)                    date: 2021-01-31 14:13:48
(epstopdf)                    size: 62869 bytes
(epstopdf)             Output file: <images/2mo-1xe-eps-converted-to.pdf>
(epstopdf)                    date: 2021-01-31 14:16:31
(epstopdf)                    size: 20184 bytes
(epstopdf)             Command: <repstopdf --outfile=images/2mo-1xe-eps-convert
ed-to.pdf images/2mo-1xe.eps>
(epstopdf)             \includegraphics on input line 519.
Package epstopdf Info: Output file is already uptodate.
<images/2mo-1xe-eps-converted-to.pdf, id=2344, 592.2125pt x 226.8475pt>
File: images/2mo-1xe-eps-converted-to.pdf Graphic file (type pdf)
<use images/2mo-1xe-eps-converted-to.pdf>
Package pdftex.def Info: images/2mo-1xe-eps-converted-to.pdf  used on input lin
e 519.
(pdftex.def)             Requested size: 355.33023pt x 136.10954pt.
Package epstopdf Info: Source file: <images/3mo-1xe.eps>
(epstopdf)                    date: 2021-04-16 11:33:26
(epstopdf)                    size: 37701 bytes
(epstopdf)             Output file: <images/3mo-1xe-eps-converted-to.pdf>
(epstopdf)                    date: 2021-04-16 11:33:37
(epstopdf)                    size: 12223 bytes
(epstopdf)             Command: <repstopdf --outfile=images/3mo-1xe-eps-convert
ed-to.pdf images/3mo-1xe.eps>
(epstopdf)             \includegraphics on input line 529.
Package epstopdf Info: Output file is already uptodate.
<images/3mo-1xe-eps-converted-to.pdf, id=2345, 591.20876pt x 229.85875pt>
File: images/3mo-1xe-eps-converted-to.pdf Graphic file (type pdf)
<use images/3mo-1xe-eps-converted-to.pdf>
Package pdftex.def Info: images/3mo-1xe-eps-converted-to.pdf  used on input lin
e 529.
(pdftex.def)             Requested size: 354.72798pt x 137.91629pt.
 [104 <./images/image01-eps-converted-to.pdf> <./images/2mo-1xe-eps-converted-t
o.pdf>] [105 <./images/3mo-1xe-eps-converted-to.pdf>] [106]
(./chapters/u-mo-xe.bbl [107] [108] [109]
Overfull \hbox (13.12238pt too wide) in paragraph at lines 748--754
[]\T1/zpltlf/m/n/12 H. Mehrer, \T1/zpltlf/m/it/12 Dif-fu-sion in Solids: Fun-da
-men-tals, Meth-ods, Ma-te-ri-als, Diffusion-Controlled
 []

[110]
Overfull \hbox (3.64197pt too wide) in paragraph at lines 850--855
[]\T1/zpltlf/m/n/12 P. Gi-an-nozzi, S. Ba-roni, N. Bonini, M. Ca-lan-dra, R. Ca
r, C. Cavaz-zoni, D. Ceresoli,
 []

[111])) [112]
\openout2 = `chapters/lihe.aux'.

 (./chapters/lihe.tex
Chapter 6.

Overfull \hbox (1.97926pt too wide) in paragraph at lines 35--51
\T1/zpltlf/m/n/12 Pro-jec-tor aug-mented wave (PAW) [[]] pseu-dopo-ten-tials fr
om \T1/zpltlf/m/sc/12 Quan-tu-mE-SPRESSO\T1/zpltlf/m/n/12 's
 []

[113




] [114] [115]
<images/bcc-dumbbells.pdf, id=2529, 405.45178pt x 384.11205pt>
File: images/bcc-dumbbells.pdf Graphic file (type pdf)
<use images/bcc-dumbbells.pdf>
Package pdftex.def Info: images/bcc-dumbbells.pdf  used on input line 126.
(pdftex.def)             Requested size: 238.49121pt x 225.94424pt.
 [116 <./images/bcc-dumbbells.pdf>] [117] [118]
<images/bcc-sites.pdf, id=2594, 405.45178pt x 597.50731pt>
File: images/bcc-sites.pdf Graphic file (type pdf)
<use images/bcc-sites.pdf>
Package pdftex.def Info: images/bcc-sites.pdf  used on input line 261.
(pdftex.def)             Requested size: 281.85255pt x 415.37122pt.
LaTeX Font Info:    Font shape `OT1/zpltlf/b/n' will be
(Font)              scaled to size 6.2pt on input line 267.
LaTeX Font Info:    Font shape `T1/zpltlf/m/n' will be
(Font)              scaled to size 6.1pt on input line 267.
Package epstopdf Info: Source file: <images/he-vac-bind-E.eps>
(epstopdf)                    date: 2021-03-21 18:30:31
(epstopdf)                    size: 25953 bytes
(epstopdf)             Output file: <images/he-vac-bind-E-eps-converted-to.pdf>

(epstopdf)                    date: 2021-03-21 18:30:45
(epstopdf)                    size: 7483 bytes
(epstopdf)             Command: <repstopdf --outfile=images/he-vac-bind-E-eps-c
onverted-to.pdf images/he-vac-bind-E.eps>
(epstopdf)             \includegraphics on input line 321.
Package epstopdf Info: Output file is already uptodate.
<images/he-vac-bind-E-eps-converted-to.pdf, id=2598, 241.90375pt x 241.90375pt>

File: images/he-vac-bind-E-eps-converted-to.pdf Graphic file (type pdf)
<use images/he-vac-bind-E-eps-converted-to.pdf>
Package pdftex.def Info: images/he-vac-bind-E-eps-converted-to.pdf  used on inp
ut line 321.
(pdftex.def)             Requested size: 274.6262pt x 274.65471pt.
 [119] [120 <./images/bcc-sites.pdf>] [121 <./images/he-vac-bind-E-eps-converte
d-to.pdf>]
[122] (./chapters/lihe.bbl
Overfull \hbox (0.47401pt too wide) in paragraph at lines 221--228
\T1/zpltlf/m/n/12 J. Berrino, E. Bar-bato, A. Bertoc-chi, A. Bian-calani, W. Bi
n, A. Botrugno, G. Bracco,
 []

[123

]
Overfull \hbox (3.64197pt too wide) in paragraph at lines 387--392
[]\T1/zpltlf/m/n/12 P. Gi-an-nozzi, S. Ba-roni, N. Bonini, M. Ca-lan-dra, R. Ca
r, C. Cavaz-zoni, D. Ceresoli,
 []

[124])) [125]
\openout2 = `chapters/conclusions.aux'.

 (./chapters/conclusions.tex
Chapter 7.
[126




] [127] [128]) [129]
\openout2 = `appen/atomicunits.aux'.

 (./appen/atomicunits.tex
Appendix A.
[130





] [131] (./appen/atomicunits.bbl)) [132]
\openout2 = `appen/opw.aux'.

 (./appen/opw.tex
Appendix B.
[133




] [134] [135] (./appen/opw.bbl)) [136]
\openout2 = `appen/paw.aux'.

 (./appen/paw.tex
Appendix C.
[137




] [138] [139] [140]
Overfull \hbox (3.4285pt too wide) in paragraph at lines 67--68
[]\T1/zpltlf/m/n/12 Solve the all-electron atomic prob-lem in the DFT for-mal-i
sm us-ing an exchange--
 []

(./appen/paw.bbl) [141

]
LaTeX Font Info:    Font shape `T1/zpltlf/m/n' will be
(Font)              scaled to size 6.0pt on input line 81.
) [142]
\openout2 = `appen/fem_moose.aux'.

 (./appen/fem_moose.tex
Appendix D.
[143




]) [144]
\openout2 = `appen/inputfiles.aux'.

 (./appen/inputfiles.tex
Appendix E.
[145




] [146] [147] [148] [149] [150] [151] [152] [153] [154] [155] [156]
[157] [158] [159] [160]

Package hyperref Warning: Glyph not defined in PD1 encoding,
(hyperref)                removing `\textgamma' on input line 667.

[161] [162] [163] [164] [165] [166]
LaTeX Font Info:    Font shape `T1/zpltlf/b/sc' will be
(Font)              scaled to size 12.0pt on input line 978.

Overfull \hbox (51.60464pt too wide) in paragraph at lines 996--997
[][] 
 []

[167]) [168] (./thesis_rafi.bbl
Overfull \hbox (27.83287pt too wide) in paragraph at lines 157--166
[] \T1/zpltlf/m/n/12 A. Trav-elli, \T1/zpltlf/m/it/12 Cur-rent Sta-tus of the R
ERTR Pro-gram\T1/zpltlf/m/n/12 , Tech. Rep. CONF-801144-9/DE83017214
 []

[169


] [170]
Overfull \hbox (1.15813pt too wide) in paragraph at lines 447--455
\T1/zpltlf/m/n/12 CONF-650 (Los Alamos Sci-en-tific Lab-o-ra-tory, Los Alamos, 
New Mex-ico (USA),
 []


Overfull \hbox (0.65424pt too wide) in paragraph at lines 487--501
\T1/zpltlf/m/n/12 (United King-dom Atomic En-ergy Au-thor-ity, Caith-ness, Scot
-land (United King-
 []

[171] [172] [173] [174] [175] [176]
Overfull \hbox (4.47012pt too wide) in paragraph at lines 1473--1513
\T1/zpltlf/m/n/12 L. Martin-Samos, N. Marzari, F. Mauri, R. Maz-zarello, S. Pao
lini, A. Pasquarello,
 []

[177] [178] [179] [180] [181] [182] [183] [184]) [185] [186

]
Package atveryend Info: Empty hook `BeforeClearDocument' on input line 274.
Package atveryend Info: Empty hook `AfterLastShipout' on input line 274.
 (./thesis_rafi.aux (./chapters/abstract.aux) (./chapters/firstchapter.aux)
(./chapters/background.aux) (./chapters/01xenontherm.aux)
(./chapters/pseudoUranium.aux) (./chapters/u-mo-xe.aux) (./chapters/lihe.aux)
(./chapters/conclusions.aux) (./appen/atomicunits.aux) (./appen/opw.aux)
(./appen/paw.aux) (./appen/fem_moose.aux) (./appen/inputfiles.aux))
Package atveryend Info: Executing hook `AtVeryEndDocument' on input line 274.
Package atveryend Info: Executing hook `AtEndAfterFileList' on input line 274.
Package rerunfilecheck Info: File `thesis_rafi.out' has not changed.
(rerunfilecheck)             Checksum: 64082DEC07D00B943BF8C88CF4690807;6400.


LaTeX Font Warning: Size substitutions with differences
(Font)              up to 1.36998pt have occurred.


LaTeX Font Warning: Some font shapes were not available, defaults substituted.


LaTeX Warning: There were multiply-defined labels.

 ) 
Here is how much of TeX's memory you used:
 33740 strings out of 482555
 643085 string characters out of 5952145
 1253191 words of memory out of 5000000
 46767 multiletter control sequences out of 15000+600000
 816783 words of font info for 417 fonts, out of 8000000 for 9000
 14 hyphenation exceptions out of 8191
 64i,23n,82p,1460b,2299s stack positions out of 5000i,500n,10000p,200000b,80000s
{/usr/share/texlive/texmf-dist/fonts/enc/dvips/newtx/ntx-ec-tlf-sc.enc}{/usr/
share/texlive/texmf-dist/fonts/enc/dvips/newpx/npxsups_t1.enc}{/usr/share/texli
ve/texmf-dist/fonts/enc/dvips/newtx/ntx-ot1-tlf.enc}{/usr/share/texlive/texmf-d
ist/fonts/enc/dvips/newtx/ntx-ec-tlf.enc}{/usr/share/texlive/texmf-dist/fonts/e
nc/dvips/tex-gyre/q-ts1.enc}</usr/share/texlive/texmf-dist/fonts/type1/public/n
ewpx/NewPXMI.pfb></usr/share/texlive/texmf-dist/fonts/type1/public/newpx/NewPXM
I_gnu.pfb></usr/share/texlive/texmf-dist/fonts/type1/public/amsfonts/cm/cmr10.p
fb></usr/share/texlive/texmf-dist/fonts/type1/public/cbfonts/grmn1095.pfb></usr
/share/texlive/texmf-dist/fonts/type1/public/cbfonts/grmn1200.pfb></usr/share/t
exlive/texmf-dist/fonts/type1/public/newpx/npxsups-Regular.pfb></usr/share/texl
ive/texmf-dist/fonts/type1/public/newpx/pxbmiaX.pfb></usr/share/texlive/texmf-d
ist/fonts/type1/public/newpx/pxmiaX.pfb></usr/share/texlive/texmf-dist/fonts/ty
pe1/public/newpx/pxsys.pfb></usr/share/texlive/texmf-dist/fonts/type1/public/te
x-gyre/qplr.pfb></usr/share/texlive/texmf-dist/fonts/type1/public/txfonts/t1xtt
.pfb></usr/share/texlive/texmf-dist/fonts/type1/public/newtx/txexas.pfb></usr/s
hare/texlive/texmf-dist/fonts/type1/public/newtx/txexs.pfb></usr/share/texlive/
texmf-dist/fonts/type1/public/txfonts/txsy.pfb></usr/share/texlive/texmf-dist/f
onts/type1/public/txfonts/txsya.pfb></usr/share/texlive/texmf-dist/fonts/type1/
urw/times/utmr8a.pfb></usr/share/texlive/texmf-dist/fonts/type1/public/newpx/zp
lb.pfb></usr/share/texlive/texmf-dist/fonts/type1/public/newpx/zplr.pfb></usr/s
hare/texlive/texmf-dist/fonts/type1/public/newpx/zplri.pfb>
Output written on thesis_rafi.pdf (203 pages, 4908929 bytes).
PDF statistics:
 4640 PDF objects out of 5155 (max. 8388607)
 4217 compressed objects within 43 object streams
 1843 named destinations out of 2073 (max. 500000)
 911 words of extra memory for PDF output out of 10000 (max. 10000000)

