This is pdfTeX, Version 3.14159265-2.6-1.40.21 (TeX Live 2020) (preloaded format=pdflatex 2021.1.11)  31 JAN 2021 14:27
entering extended mode
 restricted \write18 enabled.
 %&-line parsing enabled.
**../thesis_rafi.tex
(../thesis_rafi.tex
LaTeX2e <2020-02-02> patch level 5
L3 programming layer <2020-04-06>

! LaTeX Error: File `MUthesis.cls' not found.

Type X to quit or <RETURN> to proceed,
or enter new name. (Default extension: cls)

Enter file name: x

 )
(\end occurred when \ifx on line 23 was incomplete)
(\end occurred when \ifx on line 23 was incomplete) 
Here is how much of TeX's memory you used:
 23 strings out of 482555
 478 string characters out of 5952145
 234651 words of memory out of 5000000
 15762 multiletter control sequences out of 15000+600000
 532338 words of font info for 24 fonts, out of 8000000 for 9000
 14 hyphenation exceptions out of 8191
 14i,0n,17p,100b,10s stack positions out of 5000i,500n,10000p,200000b,80000s

No pages of output.
PDF statistics:
 0 PDF objects out of 1000 (max. 8388607)
 0 named destinations out of 1000 (max. 500000)
 1 words of extra memory for PDF output out of 10000 (max. 10000000)

