\BOOKMARK [0][-]{Title Page.0}{Title Page}{}% 1
\BOOKMARK [0][-]{Table of Contents.0}{Table of Contents}{}% 2
\BOOKMARK [0][-]{chapter*.2}{List of Tables}{}% 3
\BOOKMARK [0][-]{chapter*.3}{List of Figures}{}% 4
\BOOKMARK [0][-]{chapter.1}{1. U\205Mo fuel: a brief introduction}{}% 5
\BOOKMARK [0][-]{chapter.2}{2. Effect of Xenon on the overall thermal conductivity of U-10Mo}{}% 6
\BOOKMARK [1][-]{section.2.1}{Introduction}{chapter.2}% 7
\BOOKMARK [1][-]{section.2.2}{Methods}{chapter.2}% 8
\BOOKMARK [2][-]{subsection.2.2.1}{Effective Thermal Conductivity Calculation}{section.2.2}% 9
\BOOKMARK [1][-]{section.2.3}{Results and Discussion}{chapter.2}% 10
\BOOKMARK [2][-]{subsection.2.3.1}{Effect of Xenon Gas Bubbles on the Thermal Conductivity}{section.2.3}% 11
\BOOKMARK [3][-]{subsubsection.2.3.1.1}{Intra-Granular Bubbles}{subsection.2.3.1}% 12
\BOOKMARK [3][-]{subsubsection.2.3.1.2}{Inter-Granular Bubbles}{subsection.2.3.1}% 13
\BOOKMARK [2][-]{subsection.2.3.2}{Effect of Xenon Pressure on the Overall Thermal Conductivity}{section.2.3}% 14
\BOOKMARK [2][-]{subsection.2.3.3}{Effect of Bubble Arrangement on Thermal Conductivity}{section.2.3}% 15
\BOOKMARK [1][-]{section.2.4}{Conclusions}{chapter.2}% 16
\BOOKMARK [0][-]{chapter.3}{3. First-Principles Study of Metallic Uranium}{}% 17
\BOOKMARK [1][-]{section.3.1}{Introduction}{chapter.3}% 18
\BOOKMARK [1][-]{section.3.2}{Density Functional Theory: A Brief Introduction}{chapter.3}% 19
\BOOKMARK [2][-]{subsection.3.2.1}{Solution of the Single particle Kohn-Sham Equations}{section.3.2}% 20
\BOOKMARK [1][-]{section.3.3}{Kohn-Sham problem for an isolated atom}{chapter.3}% 21
\BOOKMARK [1][-]{section.3.4}{Theory of Pseudopotential}{chapter.3}% 22
\BOOKMARK [2][-]{subsection.3.4.1}{Basic Phillips-Kleinman Construction}{section.3.4}% 23
\BOOKMARK [1][-]{section.3.5}{Computational Details}{chapter.3}% 24
\BOOKMARK [1][-]{section.3.6}{Results}{chapter.3}% 25
\BOOKMARK [2][-]{subsection.3.6.1}{-Uranium}{section.3.6}% 26
\BOOKMARK [2][-]{subsection.3.6.2}{-U: Crystal Structure and Elastic Moduli}{section.3.6}% 27
\BOOKMARK [2][-]{subsection.3.6.3}{Body-centered Tetragonal Uranium}{section.3.6}% 28
\BOOKMARK [2][-]{subsection.3.6.4}{Face-Centered Cubic Uranium}{section.3.6}% 29
\BOOKMARK [2][-]{subsection.3.6.5}{Electronic Density of States}{section.3.6}% 30
\BOOKMARK [1][-]{section.3.7}{Conclusion}{chapter.3}% 31
\BOOKMARK [0][-]{chapter.4}{4. Xenon mobility in U\205Mo fuel}{}% 32
\BOOKMARK [0][-]{appendix.A}{A. Calculation of Elastic Parameters of alpha-uranium}{}% 33
